开始时间: $(date)
⚙️  Running in WANDB offline mode
设置随机种子为: 42
⚙️  Running in WANDB offline mode
⚙️  Running in WANDB offline mode
⚙️  Running in WANDB offline mode
设置随机种子为: 42
设置随机种子为: 42
设置随机种子为: 42
Process rank: 2, device set to cuda:2
Process rank: 3, device set to cuda:3
Process rank: 0, device set to cuda:0
Process rank: 1, device set to cuda:1
从磁盘加载数据集...
正在检查并过滤数据集中的空值 (None)...
从磁盘加载数据集...
从磁盘加载数据集...
⚠️ 警告: 过滤掉了 56 条包含 None 的脏数据！
加载用于训练的策略模型 (Policy Model)...
从磁盘加载数据集...
正在检查并过滤数据集中的空值 (None)...
正在检查并过滤数据集中的空值 (None)...
正在检查并过滤数据集中的空值 (None)...
⚠️ 警告: 过滤掉了 56 条包含 None 的脏数据！
加载用于训练的策略模型 (Policy Model)...
⚠️ 警告: 过滤掉了 56 条包含 None 的脏数据！
加载用于训练的策略模型 (Policy Model)...
⚠️ 警告: 过滤掉了 56 条包含 None 的脏数据！
加载用于训练的策略模型 (Policy Model)...

Loading checkpoint shards:   0%|          | 0/4 [00:00<?, ?it/s]
Loading checkpoint shards:   0%|          | 0/4 [00:00<?, ?it/s]
Loading checkpoint shards:   0%|          | 0/4 [00:00<?, ?it/s]
Loading checkpoint shards:   0%|          | 0/4 [00:00<?, ?it/s]
Loading checkpoint shards:  25%|██▌       | 1/4 [00:01<00:03,  1.02s/it]
Loading checkpoint shards:  25%|██▌       | 1/4 [00:01<00:03,  1.16s/it]
Loading checkpoint shards:  25%|██▌       | 1/4 [00:01<00:03,  1.16s/it]
Loading checkpoint shards:  25%|██▌       | 1/4 [00:01<00:03,  1.16s/it]
Loading checkpoint shards:  50%|█████     | 2/4 [00:02<00:02,  1.02s/it]
Loading checkpoint shards:  50%|█████     | 2/4 [00:02<00:02,  1.15s/it]
Loading checkpoint shards:  50%|█████     | 2/4 [00:02<00:02,  1.15s/it]
Loading checkpoint shards:  50%|█████     | 2/4 [00:02<00:02,  1.15s/it]
Loading checkpoint shards:  75%|███████▌  | 3/4 [00:02<00:00,  1.05it/s]
Loading checkpoint shards: 100%|██████████| 4/4 [00:03<00:00,  1.51it/s]
Loading checkpoint shards: 100%|██████████| 4/4 [00:03<00:00,  1.28it/s]
加载作为参考的SFT模型 (Reference Model)...

Loading checkpoint shards:   0%|          | 0/4 [00:00<?, ?it/s]
Loading checkpoint shards:  75%|███████▌  | 3/4 [00:03<00:01,  1.11s/it]
Loading checkpoint shards:  75%|███████▌  | 3/4 [00:03<00:01,  1.11s/it]
Loading checkpoint shards:  75%|███████▌  | 3/4 [00:03<00:01,  1.11s/it]
Loading checkpoint shards: 100%|██████████| 4/4 [00:03<00:00,  1.30it/s]
Loading checkpoint shards: 100%|██████████| 4/4 [00:03<00:00,  1.30it/s]
Loading checkpoint shards: 100%|██████████| 4/4 [00:03<00:00,  1.30it/s]
Loading checkpoint shards: 100%|██████████| 4/4 [00:03<00:00,  1.11it/s]

Loading checkpoint shards: 100%|██████████| 4/4 [00:03<00:00,  1.11it/s]

Loading checkpoint shards: 100%|██████████| 4/4 [00:03<00:00,  1.11it/s]
加载作为参考的SFT模型 (Reference Model)...
加载作为参考的SFT模型 (Reference Model)...
加载作为参考的SFT模型 (Reference Model)...

Loading checkpoint shards:   0%|          | 0/4 [00:00<?, ?it/s]
Loading checkpoint shards:   0%|          | 0/4 [00:00<?, ?it/s]
Loading checkpoint shards:   0%|          | 0/4 [00:00<?, ?it/s]
Loading checkpoint shards:  25%|██▌       | 1/4 [00:01<00:03,  1.01s/it]
Loading checkpoint shards:  25%|██▌       | 1/4 [00:01<00:03,  1.18s/it]
Loading checkpoint shards:  25%|██▌       | 1/4 [00:01<00:03,  1.18s/it]
Loading checkpoint shards:  25%|██▌       | 1/4 [00:01<00:03,  1.18s/it]
Loading checkpoint shards:  50%|█████     | 2/4 [00:01<00:01,  1.01it/s]
Loading checkpoint shards:  50%|█████     | 2/4 [00:02<00:02,  1.18s/it]
Loading checkpoint shards:  50%|█████     | 2/4 [00:02<00:02,  1.18s/it]
Loading checkpoint shards:  50%|█████     | 2/4 [00:02<00:02,  1.18s/it]
Loading checkpoint shards:  75%|███████▌  | 3/4 [00:02<00:00,  1.05it/s]
Loading checkpoint shards: 100%|██████████| 4/4 [00:03<00:00,  1.51it/s]
Loading checkpoint shards: 100%|██████████| 4/4 [00:03<00:00,  1.29it/s]
冻结参考模型并设为 Eval 模式...
初始化 CustomSymPOTrainer...
/root/miniconda3/envs/advan/lib/python3.12/site-packages/pydantic/_internal/_generate_schema.py:2249: UnsupportedFieldAttributeWarning: The 'repr' attribute with value False was provided to the `Field()` function, which has no effect in the context it was used. 'repr' is field-specific metadata, and can only be attached to a model field using `Annotated` metadata or by assignment. This may have happened because an `Annotated` type alias using the `type` statement was used, or if the `Field()` function was attached to a single member of a union type.
  warnings.warn(
/root/miniconda3/envs/advan/lib/python3.12/site-packages/pydantic/_internal/_generate_schema.py:2249: UnsupportedFieldAttributeWarning: The 'frozen' attribute with value True was provided to the `Field()` function, which has no effect in the context it was used. 'frozen' is field-specific metadata, and can only be attached to a model field using `Annotated` metadata or by assignment. This may have happened because an `Annotated` type alias using the `type` statement was used, or if the `Field()` function was attached to a single member of a union type.
  warnings.warn(

Loading checkpoint shards:  75%|███████▌  | 3/4 [00:03<00:01,  1.15s/it]
Loading checkpoint shards:  75%|███████▌  | 3/4 [00:03<00:01,  1.15s/it]
Loading checkpoint shards:  75%|███████▌  | 3/4 [00:03<00:01,  1.15s/it]Trainer.tokenizer is now deprecated. You should use Trainer.processing_class instead.
开始分布式训练...
The tokenizer has new PAD/BOS/EOS tokens that differ from the model config and generation config. The model config and generation config were aligned accordingly, being updated with the tokenizer's values. Updated tokens: {'pad_token_id': 128009}.

Loading checkpoint shards: 100%|██████████| 4/4 [00:03<00:00,  1.26it/s]
Loading checkpoint shards: 100%|██████████| 4/4 [00:03<00:00,  1.26it/s]
Loading checkpoint shards: 100%|██████████| 4/4 [00:03<00:00,  1.07it/s]
Loading checkpoint shards: 100%|██████████| 4/4 [00:03<00:00,  1.07it/s]


Loading checkpoint shards: 100%|██████████| 4/4 [00:03<00:00,  1.26it/s]
Loading checkpoint shards: 100%|██████████| 4/4 [00:03<00:00,  1.07it/s]
冻结参考模型并设为 Eval 模式...
冻结参考模型并设为 Eval 模式...
冻结参考模型并设为 Eval 模式...
初始化 CustomSymPOTrainer...
Detected kernel version 4.19.90, which is below the recommended minimum of 5.5.0; this can cause the process to hang. It is recommended to upgrade the kernel to the minimum version or higher.
初始化 CustomSymPOTrainer...
初始化 CustomSymPOTrainer...
/root/miniconda3/envs/advan/lib/python3.12/site-packages/pydantic/_internal/_generate_schema.py:2249: UnsupportedFieldAttributeWarning: The 'repr' attribute with value False was provided to the `Field()` function, which has no effect in the context it was used. 'repr' is field-specific metadata, and can only be attached to a model field using `Annotated` metadata or by assignment. This may have happened because an `Annotated` type alias using the `type` statement was used, or if the `Field()` function was attached to a single member of a union type.
  warnings.warn(
/root/miniconda3/envs/advan/lib/python3.12/site-packages/pydantic/_internal/_generate_schema.py:2249: UnsupportedFieldAttributeWarning: The 'frozen' attribute with value True was provided to the `Field()` function, which has no effect in the context it was used. 'frozen' is field-specific metadata, and can only be attached to a model field using `Annotated` metadata or by assignment. This may have happened because an `Annotated` type alias using the `type` statement was used, or if the `Field()` function was attached to a single member of a union type.
  warnings.warn(
/root/miniconda3/envs/advan/lib/python3.12/site-packages/pydantic/_internal/_generate_schema.py:2249: UnsupportedFieldAttributeWarning: The 'repr' attribute with value False was provided to the `Field()` function, which has no effect in the context it was used. 'repr' is field-specific metadata, and can only be attached to a model field using `Annotated` metadata or by assignment. This may have happened because an `Annotated` type alias using the `type` statement was used, or if the `Field()` function was attached to a single member of a union type.
  warnings.warn(
/root/miniconda3/envs/advan/lib/python3.12/site-packages/pydantic/_internal/_generate_schema.py:2249: UnsupportedFieldAttributeWarning: The 'frozen' attribute with value True was provided to the `Field()` function, which has no effect in the context it was used. 'frozen' is field-specific metadata, and can only be attached to a model field using `Annotated` metadata or by assignment. This may have happened because an `Annotated` type alias using the `type` statement was used, or if the `Field()` function was attached to a single member of a union type.
  warnings.warn(
/root/miniconda3/envs/advan/lib/python3.12/site-packages/pydantic/_internal/_generate_schema.py:2249: UnsupportedFieldAttributeWarning: The 'repr' attribute with value False was provided to the `Field()` function, which has no effect in the context it was used. 'repr' is field-specific metadata, and can only be attached to a model field using `Annotated` metadata or by assignment. This may have happened because an `Annotated` type alias using the `type` statement was used, or if the `Field()` function was attached to a single member of a union type.
  warnings.warn(
/root/miniconda3/envs/advan/lib/python3.12/site-packages/pydantic/_internal/_generate_schema.py:2249: UnsupportedFieldAttributeWarning: The 'frozen' attribute with value True was provided to the `Field()` function, which has no effect in the context it was used. 'frozen' is field-specific metadata, and can only be attached to a model field using `Annotated` metadata or by assignment. This may have happened because an `Annotated` type alias using the `type` statement was used, or if the `Field()` function was attached to a single member of a union type.
  warnings.warn(
Trainer.tokenizer is now deprecated. You should use Trainer.processing_class instead.
开始分布式训练...
The tokenizer has new PAD/BOS/EOS tokens that differ from the model config and generation config. The model config and generation config were aligned accordingly, being updated with the tokenizer's values. Updated tokens: {'pad_token_id': 128009}.
Trainer.tokenizer is now deprecated. You should use Trainer.processing_class instead.
开始分布式训练...
The tokenizer has new PAD/BOS/EOS tokens that differ from the model config and generation config. The model config and generation config were aligned accordingly, being updated with the tokenizer's values. Updated tokens: {'pad_token_id': 128009}.
Trainer.tokenizer is now deprecated. You should use Trainer.processing_class instead.
开始分布式训练...
The tokenizer has new PAD/BOS/EOS tokens that differ from the model config and generation config. The model config and generation config were aligned accordingly, being updated with the tokenizer's values. Updated tokens: {'pad_token_id': 128009}.
/root/miniconda3/envs/advan/lib/python3.12/site-packages/accelerate/accelerator.py:1962: UserWarning: Upcasted low precision parameters in LlamaForCausalLM because mixed precision turned on in FSDP. Affects: model.embed_tokens.weight, model.norm.weight, lm_head.weight.
  warnings.warn(
/root/miniconda3/envs/advan/lib/python3.12/site-packages/accelerate/accelerator.py:1962: UserWarning: Upcasted low precision parameters in LlamaDecoderLayer because mixed precision turned on in FSDP. Affects: self_attn.q_proj.weight, self_attn.k_proj.weight, self_attn.v_proj.weight, self_attn.o_proj.weight, mlp.gate_proj.weight, mlp.up_proj.weight, mlp.down_proj.weight, input_layernorm.weight, post_attention_layernorm.weight.
  warnings.warn(
/root/miniconda3/envs/advan/lib/python3.12/site-packages/accelerate/accelerator.py:1968: UserWarning: FSDP upcast of low precision parameters may affect the precision of model checkpoints.
  warnings.warn(
wandb: Tracking run with wandb version 0.21.3
wandb: W&B syncing is set to `offline` in this directory. Run `wandb online` or set WANDB_MODE=online to enable cloud syncing.
wandb: Run data is saved locally in /autodl-fs/data/train/wandb/offline-run-20260208_110539-3aqm549j

  0%|          | 0/1875 [00:00<?, ?it/s]Could not estimate the number of tokens of the input, floating-point operations will not be computed
Could not estimate the number of tokens of the input, floating-point operations will not be computed
Could not estimate the number of tokens of the input, floating-point operations will not be computed
Could not estimate the number of tokens of the input, floating-point operations will not be computed

  0%|          | 1/1875 [00:26<13:57:47, 26.82s/it]
                                                   
{'loss': 23.714325547218323, 'grad_norm': 284.2603454589844, 'learning_rate': 0.0, 'objective': -23.714325547218323, 'term_clipped': -23.714325547218323, 'ratio_selected_mean': 1.1953681781888008, 'log_ratio_selected_mean': 0.14760112762451172, 'f_X_Y2_mean': 0.765625, 'f_X_Y1_mean': 0.0859375, 'epoch': 0.0}

  0%|          | 1/1875 [00:26<13:57:47, 26.82s/it]
  0%|          | 2/1875 [00:55<14:27:37, 27.79s/it]
  0%|          | 3/1875 [01:24<14:45:21, 28.38s/it]
  0%|          | 4/1875 [01:52<14:39:13, 28.20s/it]
  0%|          | 5/1875 [02:21<14:50:17, 28.57s/it]
  0%|          | 6/1875 [02:50<14:55:44, 28.76s/it]
  0%|          | 7/1875 [03:19<15:01:07, 28.94s/it]
  0%|          | 8/1875 [03:48<14:56:26, 28.81s/it]
  0%|          | 9/1875 [04:17<14:58:59, 28.91s/it]
  1%|          | 10/1875 [04:47<15:03:37, 29.07s/it]
                                                    
{'loss': 1.9211166037453546, 'grad_norm': 399.94378662109375, 'learning_rate': 2.3936170212765956e-08, 'objective': -1.9211166037453546, 'term_clipped': -1.9211166037453546, 'ratio_selected_mean': 1.2841249505678813, 'log_ratio_selected_mean': 0.06958929697672527, 'f_X_Y2_mean': 0.8177083333333334, 'f_X_Y1_mean': 0.1579861111111111, 'epoch': 0.01}

  1%|          | 10/1875 [04:47<15:03:37, 29.07s/it]
  1%|          | 11/1875 [05:17<15:14:43, 29.44s/it]
  1%|          | 12/1875 [05:46<15:13:23, 29.42s/it]
  1%|          | 13/1875 [06:16<15:15:34, 29.50s/it]
  1%|          | 14/1875 [06:45<15:11:32, 29.39s/it]
  1%|          | 15/1875 [07:15<15:15:49, 29.54s/it]
  1%|          | 16/1875 [07:44<15:12:43, 29.46s/it]
  1%|          | 17/1875 [08:15<15:21:08, 29.75s/it]
  1%|          | 18/1875 [08:44<15:15:50, 29.59s/it]
  1%|          | 19/1875 [09:13<15:10:36, 29.44s/it]
  1%|          | 20/1875 [09:42<15:07:35, 29.36s/it]
                                                    
{'loss': -0.14016616195440293, 'grad_norm': 325.1043701171875, 'learning_rate': 5.053191489361702e-08, 'objective': 0.14016616195440293, 'term_clipped': 0.14016616195440293, 'ratio_selected_mean': 1.0907356530427932, 'log_ratio_selected_mean': -0.06738286018371582, 'f_X_Y2_mean': 0.77734375, 'f_X_Y1_mean': 0.1046875, 'epoch': 0.01}

  1%|          | 20/1875 [09:42<15:07:35, 29.36s/it]
  1%|          | 21/1875 [10:11<15:05:35, 29.31s/it]
  1%|          | 22/1875 [10:40<15:02:21, 29.22s/it]
  1%|          | 23/1875 [11:10<15:07:11, 29.39s/it]
  1%|▏         | 24/1875 [11:40<15:14:05, 29.63s/it]
  1%|▏         | 25/1875 [12:09<15:06:49, 29.41s/it]
  1%|▏         | 26/1875 [12:38<15:01:45, 29.26s/it]
  1%|▏         | 27/1875 [13:08<15:03:32, 29.34s/it]
  1%|▏         | 28/1875 [13:36<14:58:33, 29.19s/it]
  2%|▏         | 29/1875 [14:05<14:56:56, 29.15s/it]
  2%|▏         | 30/1875 [14:34<14:54:39, 29.09s/it]
                                                    
{'loss': 13.011186303198338, 'grad_norm': 663.7503662109375, 'learning_rate': 7.712765957446808e-08, 'objective': -13.011186303198338, 'term_clipped': -13.011186303198338, 'ratio_selected_mean': 1.2564671111700592, 'log_ratio_selected_mean': 0.001533842086791992, 'f_X_Y2_mean': 0.828125, 'f_X_Y1_mean': 0.14375, 'epoch': 0.02}

  2%|▏         | 30/1875 [14:35<14:54:39, 29.09s/it]
  2%|▏         | 31/1875 [15:04<15:02:55, 29.38s/it]
  2%|▏         | 32/1875 do[15:34<15:05:06, 29.47s/it]
  2%|▏         | 33/1875 [16:03<14:58:52, 29.28s/it]
  2%|▏         | 34/1875 [16:33<15:02:08, 29.40s/it]
  2%|▏         | 35/1875 [17:01<14:56:03, 29.22s/it]
  2%|▏         | 36/1875 [17:31<14:55:09, 29.21s/it]
  2%|▏         | 37/1875 [18:00<14:58:43, 29.34s/it]
  2%|▏         | 38/1875 [18:29<14:48:43, 29.03s/it]
  2%|▏         | 39/1875 [18:58<14:50:30, 29.10s/it]
  2%|▏         | 40/1875 [19:27<14:52:39, 29.19s/it]
                                                    
{'loss': -8.166198191046714, 'grad_norm': 750.164306640625, 'learning_rate': 1.0372340425531915e-07, 'objective': 8.166198191046714, 'term_clipped': 8.166198191046714, 'ratio_selected_mean': 1.2130833767354487, 'log_ratio_selected_mean': -0.00996382236480713, 'f_X_Y2_mean': 0.81015625, 'f_X_Y1_mean': 0.1390625, 'epoch': 0.02}

  2%|▏         | 40/1875 [19:27<14:52:39, 29.19s/it]
  2%|▏         | 41/1875 [19:56<14:46:24, 29.00s/it]
  2%|▏         | 42/1875 [20:26<14:52:06, 29.20s/it]
  2%|▏         | 43/1875 [20:55<14:56:27, 29.36s/it]
  2%|▏         | 44/1875 [21:25<14:56:18, 29.37s/it]
  2%|▏         | 45/1875 [21:54<14:59:23, 29.49s/it]
  2%|▏         | 46/1875 [22:24<15:01:43, 29.58s/it]
  3%|▎         | 47/1875 [22:53<14:56:33, 29.43s/it]
  3%|▎         | 48/1875 [23:22<14:52:41, 29.32s/it]
  3%|▎         | 49/1875 [23:51<14:42:47, 29.01s/it]
  3%|▎         | 50/1875 [24:19<14:40:49, 28.96s/it]
                                                    
{'loss': 8.836995008587838, 'grad_norm': 270.0727844238281, 'learning_rate': 1.3031914893617022e-07, 'objective': -8.836995008587838, 'term_clipped': -8.836995008587838, 'ratio_selected_mean': 1.4256888071075082, 'log_ratio_selected_mean': 0.16028270721435547, 'f_X_Y2_mean': 0.82890625, 'f_X_Y1_mean': 0.14609375, 'epoch': 0.03}

  3%|▎         | 50/1875 [24:20<14:40:49, 28.96s/it]
  3%|▎         | 51/1875 [24:49<14:45:41, 29.13s/it]
  3%|▎         | 52/1875 [25:19<14:49:15, 29.27s/it]
  3%|▎         | 53/1875 [25:48<14:49:33, 29.29s/it]
  3%|▎         | 54/1875 [26:18<14:52:28, 29.41s/it]
  3%|▎         | 55/1875 [26:47<14:47:46, 29.27s/it]
  3%|▎         | 56/1875 [27:16<14:47:26, 29.27s/it]
  3%|▎         | 57/1875 [27:44<14:40:14, 29.05s/it]
  3%|▎         | 58/1875 [28:14<14:44:30, 29.21s/it]
  3%|▎         | 59/1875 [28:44<14:48:14, 29.35s/it]
  3%|▎         | 60/1875 [29:13<14:49:54, 29.42s/it]
                                                    
{'loss': 23.544399893283845, 'grad_norm': 397.20538330078125, 'learning_rate': 1.5691489361702126e-07, 'objective': -23.544399893283845, 'term_clipped': -23.544399893283845, 'ratio_selected_mean': 1.7491463540121912, 'log_ratio_selected_mean': 0.37807910442352294, 'f_X_Y2_mean': 0.78125, 'f_X_Y1_mean': 0.12578125, 'epoch': 0.03}

  3%|▎         | 60/1875 [29:13<14:49:54, 29.42s/it]
  3%|▎         | 61/1875 [29:43<14:56:57, 29.67s/it]
  3%|▎         | 62/1875 [30:13<14:55:41, 29.64s/it]
  3%|▎         | 63/1875 [30:42<14:50:28, 29.49s/it]
  3%|▎         | 64/1875 [31:10<14:38:41, 29.11s/it]
  3%|▎         | 65/1875 [31:40<14:46:50, 29.40s/it]
  4%|▎         | 66/1875 [32:10<14:48:12, 29.46s/it]
  4%|▎         | 67/1875 [32:39<14:39:57, 29.20s/it]
  4%|▎         | 68/1875 [33:08<14:38:34, 29.17s/it]
  4%|▎         | 69/1875 [33:37<14:38:04, 29.17s/it]
  4%|▎         | 70/1875 [34:06<14:37:25, 29.17s/it]
                                                    
{'loss': 43.17041536569595, 'grad_norm': 3504.548095703125, 'learning_rate': 1.8351063829787234e-07, 'objective': -43.17041536569595, 'term_clipped': -43.17041536569595, 'ratio_selected_mean': 3.5424060694873334, 'log_ratio_selected_mean': 1.045098567008972, 'f_X_Y2_mean': 0.77578125, 'f_X_Y1_mean': 0.1328125, 'epoch': 0.04}

  4%|▎         | 70/1875 [34:06<14:37:25, 29.17s/it]
  4%|▍         | 71/1875 [34:35<14:36:20, 29.15s/it]
  4%|▍         | 72/1875 [35:05<14:44:28, 29.43s/it]
  4%|▍         | 73/1875 [35:36<14:55:55, 29.83s/it]
  4%|▍         | 74/1875 [36:04<14:42:48, 29.41s/it]
  4%|▍         | 75/1875 [36:34<14:40:58, 29.37s/it]
  4%|▍         | 76/1875 [37:03<14:41:07, 29.39s/it]
  4%|▍         | 77/1875 [37:33<14:42:03, 29.43s/it]
  4%|▍         | 78/1875 [38:03<14:49:37, 29.70s/it]
  4%|▍         | 79/1875 [38:33<14:47:16, 29.64s/it]
  4%|▍         | 80/1875 [39:01<14:39:27, 29.40s/it]
                                                    
{'loss': 77.12113847732545, 'grad_norm': 1668.5289306640625, 'learning_rate': 2.101063829787234e-07, 'objective': -77.12113847732545, 'term_clipped': -77.12113847732545, 'ratio_selected_mean': 21.93139241486788, 'log_ratio_selected_mean': 2.1791014194488527, 'f_X_Y2_mean': 0.82109375, 'f_X_Y1_mean': 0.12421875, 'epoch': 0.04}

  4%|▍         | 80/1875 [39:01<14:39:27, 29.40s/it]
  4%|▍         | 81/1875 [39:31<14:38:34, 29.38s/it]
  4%|▍         | 82/1875 [40:00<14:40:46, 29.47s/it]
  4%|▍         | 83/1875 [40:29<14:31:33, 29.18s/it]
  4%|▍         | 84/1875 [40:58<14:30:45, 29.17s/it]
  5%|▍         | 85/1875 [41:27<14:32:43, 29.25s/it]
  5%|▍         | 86/1875 [41:56<14:29:13, 29.15s/it]
  5%|▍         | 87/1875 [42:26<14:35:35, 29.38s/it]
  5%|▍         | 88/1875 [42:57<14:45:18, 29.73s/it]
  5%|▍         | 89/1875 [43:25<14:32:51, 29.32s/it]
  5%|▍         | 90/1875 [43:55<14:32:57, 29.34s/it]
                                                    
{'loss': 70.37310729026794, 'grad_norm': 2324.02734375, 'learning_rate': 2.3670212765957445e-07, 'objective': -70.37310729026794, 'term_clipped': -70.37310729026794, 'ratio_selected_mean': 162.05833220481873, 'log_ratio_selected_mean': 4.152008891105652, 'f_X_Y2_mean': 0.76484375, 'f_X_Y1_mean': 0.13203125, 'epoch': 0.05}

  5%|▍         | 90/1875 [43:55<14:32:57, 29.34s/it]
  5%|▍         | 91/1875 [44:24<14:32:40, 29.35s/it]
  5%|▍         | 92/1875 [44:55<14:43:03, 29.72s/it]
  5%|▍         | 93/1875 [45:24<14:43:14, 29.74s/it]
  5%|▌         | 94/1875 [45:54<14:39:25, 29.63s/it]
  5%|▌         | 95/1875 [46:24<14:40:52, 29.69s/it]
  5%|▌         | 96/1875 [46:52<14:32:38, 29.43s/it]
  5%|▌         | 97/1875 [47:22<14:34:31, 29.51s/it]
  5%|▌         | 98/1875 [47:51<14:28:07, 29.31s/it]
  5%|▌         | 99/1875 [48:21<14:34:20, 29.54s/it]
  5%|▌         | 100/1875 [48:50<14:33:07, 29.51s/it]
                                                     
{'loss': 71.0935653924942, 'grad_norm': 2300.212158203125, 'learning_rate': 2.632978723404255e-07, 'objective': -71.0935653924942, 'term_clipped': -71.0935653924942, 'ratio_selected_mean': 2313.2403823375703, 'log_ratio_selected_mean': 6.796048426628113, 'f_X_Y2_mean': 0.778125, 'f_X_Y1_mean': 0.14765625, 'epoch': 0.05}

  5%|▌         | 100/1875 [48:51<14:33:07, 29.51s/it]
  5%|▌         | 101/1875 [49:19<14:26:23, 29.30s/it]
  5%|▌         | 102/1875 [49:48<14:23:05, 29.21s/it]
  5%|▌         | 103/1875 [50:18<14:27:16, 29.37s/it]
  6%|▌         | 104/1875 [50:46<14:13:00, 28.90s/it]
  6%|▌         | 105/1875 [51:15<14:12:38, 28.90s/it]
  6%|▌         | 106/1875 [51:44<14:13:44, 28.96s/it]
  6%|▌         | 107/1875 [52:13<14:14:09, 28.99s/it]
  6%|▌         | 108/1875 [52:42<14:12:53, 28.96s/it]
  6%|▌         | 109/1875 [53:11<14:17:49, 29.14s/it]
  6%|▌         | 110/1875 [53:40<14:09:53, 28.89s/it]
                                                     
{'loss': -10.606274032592774, 'grad_norm': 1623.427978515625, 'learning_rate': 2.8989361702127657e-07, 'objective': 10.606274032592774, 'term_clipped': 10.606274032592774, 'ratio_selected_mean': 130896.98308563232, 'log_ratio_selected_mean': 10.313605165481567, 'f_X_Y2_mean': 0.825, 'f_X_Y1_mean': 0.17890625, 'epoch': 0.06}

  6%|▌         | 110/1875 [53:40<14:09:53, 28.89s/it]
  6%|▌         | 111/1875 [54:09<14:10:27, 28.93s/it]
  6%|▌         | 112/1875 [54:38<14:09:43, 28.92s/it]
  6%|▌         | 113/1875 [55:07<14:12:16, 29.02s/it]
  6%|▌         | 114/1875 [55:35<14:07:51, 28.89s/it]
  6%|▌         | 115/1875 [56:05<14:10:57, 29.01s/it]
  6%|▌         | 116/1875 [56:33<14:07:14, 28.90s/it]
  6%|▌         | 117/1875 [57:03<14:13:30, 29.13s/it]
  6%|▋         | 118/1875 [57:33<14:16:27, 29.25s/it]
  6%|▋         | 119/1875 [58:02<14:15:15, 29.22s/it]
  6%|▋         | 120/1875 [58:31<14:13:01, 29.16s/it]
                                                     
{'loss': 18.526701784133913, 'grad_norm': 3560.7529296875, 'learning_rate': 3.1648936170212764e-07, 'objective': -18.526701784133913, 'term_clipped': -18.526701784133913, 'ratio_selected_mean': 11434391.496679688, 'log_ratio_selected_mean': 13.412058448791504, 'f_X_Y2_mean': 0.83046875, 'f_X_Y1_mean': 0.16015625, 'epoch': 0.06}

  6%|▋         | 120/1875 [58:31<14:13:01, 29.16s/it]
  6%|▋         | 121/1875 [59:00<14:13:13, 29.19s/it]
  7%|▋         | 122/1875 [59:29<14:13:11, 29.20s/it]
  7%|▋         | 123/1875 [59:58<14:07:07, 29.01s/it]
  7%|▋         | 124/1875 [1:00:28<14:14:03, 29.27s/it]
  7%|▋         | 125/1875 [1:00:57<14:14:04, 29.28s/it]
  7%|▋         | 126/1875 [1:01:27<14:23:07, 29.61s/it]
  7%|▋         | 127/1875 [1:01:57<14:25:20, 29.70s/it]
  7%|▋         | 128/1875 [1:02:26<14:18:51, 29.50s/it]
  7%|▋         | 129/1875 [1:02:55<14:12:14, 29.29s/it]
  7%|▋         | 130/1875 [1:03:25<14:15:53, 29.43s/it]
                                                       
{'loss': 102.08666334152221, 'grad_norm': 3114.7724609375, 'learning_rate': 3.430851063829787e-07, 'objective': -102.08666334152221, 'term_clipped': -102.08666334152221, 'ratio_selected_mean': 166068012.55, 'log_ratio_selected_mean': 17.948700881004335, 'f_X_Y2_mean': 0.78515625, 'f_X_Y1_mean': 0.11953125, 'epoch': 0.07}

  7%|▋         | 130/1875 [1:03:26<14:15:53, 29.43s/it]
  7%|▋         | 131/1875 [1:03:54<14:16:25, 29.46s/it]
  7%|▋         | 132/1875 [1:04:24<14:16:00, 29.47s/it]
  7%|▋         | 133/1875 [1:04:54<14:17:46, 29.54s/it]
  7%|▋         | 134/1875 [1:05:23<14:20:27, 29.65s/it]
  7%|▋         | 135/1875 [1:05:53<14:20:39, 29.68s/it]
  7%|▋         | 136/1875 [1:06:22<14:14:37, 29.49s/it]
  7%|▋         | 137/1875 [1:06:52<14:16:15, 29.56s/it]
  7%|▋         | 138/1875 [1:07:21<14:15:33, 29.55s/it]
  7%|▋         | 139/1875 [1:07:51<14:14:02, 29.52s/it]
  7%|▋         | 140/1875 [1:08:20<14:11:47, 29.46s/it]
                                                       
{'loss': 77.70597071647644, 'grad_norm': 2395.718017578125, 'learning_rate': 3.696808510638298e-07, 'objective': -77.70597071647644, 'term_clipped': -77.70597071647644, 'ratio_selected_mean': 473889197.1285304, 'log_ratio_selected_mean': 19.739879989624022, 'f_X_Y2_mean': 0.80859375, 'f_X_Y1_mean': 0.1453125, 'epoch': 0.07}

  7%|▋         | 140/1875 [1:08:20<14:11:47, 29.46s/it]
  8%|▊         | 141/1875 [1:08:49<14:09:04, 29.38s/it]
  8%|▊         | 142/1875 [1:09:20<14:15:11, 29.61s/it]
  8%|▊         | 143/1875 [1:09:50<14:19:04, 29.76s/it]
  8%|▊         | 144/1875 [1:10:19<14:17:24, 29.72s/it]
  8%|▊         | 145/1875 [1:10:48<14:10:19, 29.49s/it]
  8%|▊         | 146/1875 [1:11:17<13:59:24, 29.13s/it]
  8%|▊         | 147/1875 [1:11:47<14:08:18, 29.46s/it]
  8%|▊         | 148/1875 [1:12:16<14:08:12, 29.47s/it]
  8%|▊         | 149/1875 [1:12:45<13:59:28, 29.18s/it]
  8%|▊         | 150/1875 [1:13:14<13:57:19, 29.12s/it]
                                                       
{'loss': 18.808214846253396, 'grad_norm': 3472.09228515625, 'learning_rate': 3.962765957446808e-07, 'objective': -18.808214846253396, 'term_clipped': -18.808214846253396, 'ratio_selected_mean': 479100650.8174139, 'log_ratio_selected_mean': 19.754144287109376, 'f_X_Y2_mean': 0.83359375, 'f_X_Y1_mean': 0.134375, 'epoch': 0.08}

  8%|▊         | 150/1875 [1:13:14<13:57:19, 29.12s/it]
  8%|▊         | 151/1875 [1:13:44<14:05:11, 29.41s/it]
  8%|▊         | 152/1875 [1:14:13<13:59:21, 29.23s/it]
  8%|▊         | 153/1875 [1:14:43<14:09:30, 29.60s/it]
  8%|▊         | 154/1875 [1:15:13<14:11:55, 29.70s/it]
  8%|▊         | 155/1875 [1:15:42<14:02:53, 29.40s/it]
  8%|▊         | 156/1875 [1:16:11<13:58:55, 29.28s/it]
  8%|▊         | 157/1875 [1:16:39<13:52:32, 29.08s/it]
  8%|▊         | 158/1875 [1:17:09<13:52:46, 29.10s/it]
  8%|▊         | 159/1875 [1:17:37<13:49:58, 29.02s/it]
  9%|▊         | 160/1875 [1:18:06<13:50:28, 29.05s/it]
                                                       
{'loss': 21.857327342033386, 'grad_norm': 2459.084228515625, 'learning_rate': 4.228723404255319e-07, 'objective': -21.857327342033386, 'term_clipped': -21.857327342033386, 'ratio_selected_mean': 479100650.9005412, 'log_ratio_selected_mean': 19.776060485839842, 'f_X_Y2_mean': 0.86171875, 'f_X_Y1_mean': 0.13203125, 'epoch': 0.09}

  9%|▊         | 160/1875 [1:18:07<13:50:28, 29.05s/it]
  9%|▊         | 161/1875 [1:18:36<13:53:15, 29.17s/it]
  9%|▊         | 162/1875 [1:19:05<13:50:53, 29.10s/it]
  9%|▊         | 163/1875 [1:19:35<13:55:01, 29.27s/it]
  9%|▊         | 164/1875 [1:20:04<13:56:38, 29.34s/it]
  9%|▉         | 165/1875 [1:20:34<14:01:47, 29.54s/it]
  9%|▉         | 166/1875 [1:21:04<14:04:15, 29.64s/it]
  9%|▉         | 167/1875 [1:21:34<14:03:47, 29.64s/it]
  9%|▉         | 168/1875 [1:22:02<13:52:03, 29.25s/it]
  9%|▉         | 169/1875 [1:22:31<13:51:40, 29.25s/it]
  9%|▉         | 170/1875 [1:23:01<13:56:33, 29.44s/it]
                                                       
{'loss': 60.62700054049492, 'grad_norm': 2251.744873046875, 'learning_rate': 4.4946808510638295e-07, 'objective': -60.62700054049492, 'term_clipped': -60.62700054049492, 'ratio_selected_mean': 485165216.0, 'log_ratio_selected_mean': 20.0, 'f_X_Y2_mean': 0.77734375, 'f_X_Y1_mean': 0.12265625, 'epoch': 0.09}

  9%|▉         | 170/1875 [1:23:01<13:56:33, 29.44s/it]
  9%|▉         | 171/1875 [1:23:31<13:56:45, 29.46s/it]
  9%|▉         | 172/1875 [1:24:00<13:55:41, 29.44s/it]
  9%|▉         | 173/1875 [1:24:29<13:51:35, 29.32s/it]
  9%|▉         | 174/1875 [1:24:58<13:52:16, 29.36s/it]
  9%|▉         | 175/1875 [1:25:28<13:52:03, 29.37s/it]
  9%|▉         | 176/1875 [1:25:56<13:44:46, 29.13s/it]
  9%|▉         | 177/1875 [1:26:26<13:47:17, 29.23s/it]
  9%|▉         | 178/1875 [1:26:56<13:56:28, 29.57s/it]
 10%|▉         | 179/1875 [1:27:25<13:48:28, 29.31s/it]
 10%|▉         | 180/1875 [1:27:55<13:51:50, 29.45s/it]
                                                       
{'loss': 28.796195396780966, 'grad_norm': 2921.21484375, 'learning_rate': 4.76063829787234e-07, 'objective': -28.796195396780966, 'term_clipped': -28.796195396780966, 'ratio_selected_mean': 485165216.0, 'log_ratio_selected_mean': 20.0, 'f_X_Y2_mean': 0.84453125, 'f_X_Y1_mean': 0.1390625, 'epoch': 0.1}

 10%|▉         | 180/1875 [1:27:55<13:51:50, 29.45s/it]
 10%|▉         | 181/1875 [1:28:24<13:48:07, 29.33s/it]
 10%|▉         | 182/1875 [1:28:52<13:41:26, 29.11s/it]
 10%|▉         | 183/1875 [1:29:22<13:46:38, 29.31s/it]
 10%|▉         | 184/1875 [1:29:51<13:42:14, 29.18s/it]
 10%|▉         | 185/1875 [1:30:21<13:52:26, 29.55s/it]
 10%|▉         | 186/1875 [1:30:51<13:51:07, 29.52s/it]
 10%|▉         | 187/1875 [1:31:21<13:53:43, 29.63s/it]
 10%|█         | 188/1875 [1:31:50<13:51:57, 29.59s/it]
 10%|█         | 189/1875 [1:32:20<13:55:41, 29.74s/it]
 10%|█         | 190/1875 [1:32:49<13:48:56, 29.52s/it]
                                                       
{'loss': 8.424667763710023, 'grad_norm': 2315.728271484375, 'learning_rate': 4.999995665096164e-07, 'objective': -8.424667763710023, 'term_clipped': -8.424667763710023, 'ratio_selected_mean': 473036099.5136731, 'log_ratio_selected_mean': 19.599448680877686, 'f_X_Y2_mean': 0.803125, 'f_X_Y1_mean': 0.128125, 'epoch': 0.1}

 10%|█         | 190/1875 [1:32:49<13:48:56, 29.52s/it]
 10%|█         | 191/1875 [1:33:19<13:50:09, 29.58s/it]
 10%|█         | 192/1875 [1:33:48<13:45:20, 29.42s/it]
 10%|█         | 193/1875 [1:34:19<13:54:11, 29.76s/it]
 10%|█         | 194/1875 [1:34:48<13:51:37, 29.68s/it]
 10%|█         | 195/1875 [1:35:17<13:41:05, 29.32s/it]
 10%|█         | 196/1875 [1:35:46<13:41:42, 29.36s/it]
 11%|█         | 197/1875 [1:36:15<13:40:25, 29.34s/it]
 11%|█         | 198/1875 [1:36:45<13:40:02, 29.34s/it]
 11%|█         | 199/1875 [1:37:15<13:46:54, 29.60s/it]
 11%|█         | 200/1875 [1:37:44<13:45:52, 29.58s/it]
                                                       
{'loss': 37.19266037940979, 'grad_norm': 3876.446044921875, 'learning_rate': 4.99947549482563e-07, 'objective': -37.19266037940979, 'term_clipped': -37.19266037940979, 'ratio_selected_mean': 485165216.0, 'log_ratio_selected_mean': 20.0, 'f_X_Y2_mean': 0.79140625, 'f_X_Y1_mean': 0.165625, 'epoch': 0.11}

 11%|█         | 200/1875 [1:37:45<13:45:52, 29.58s/it]
 11%|█         | 201/1875 [1:38:15<13:49:13, 29.72s/it]
 11%|█         | 202/1875 [1:38:44<13:46:32, 29.64s/it]
 11%|█         | 203/1875 [1:39:14<13:45:10, 29.61s/it]
 11%|█         | 204/1875 [1:39:42<13:36:07, 29.30s/it]
 11%|█         | 205/1875 [1:40:12<13:37:59, 29.39s/it]
 11%|█         | 206/1875 [1:40:41<13:33:59, 29.26s/it]
 11%|█         | 207/1875 [1:41:10<13:30:33, 29.16s/it]
 11%|█         | 208/1875 [1:41:39<13:31:18, 29.20s/it]
 11%|█         | 209/1875 [1:42:08<13:28:44, 29.13s/it]
 11%|█         | 210/1875 [1:42:37<13:32:43, 29.29s/it]
                                                       
{'loss': 72.30334637165069, 'grad_norm': 3340.826171875, 'learning_rate': 4.998088550481356e-07, 'objective': -72.30334637165069, 'term_clipped': -72.30334637165069, 'ratio_selected_mean': 485165216.0, 'log_ratio_selected_mean': 20.0, 'f_X_Y2_mean': 0.784375, 'f_X_Y1_mean': 0.16796875, 'epoch': 0.11}

 11%|█         | 210/1875 [1:42:38<13:32:43, 29.29s/it]
 11%|█▏        | 211/1875 [1:43:07<13:35:53, 29.42s/it]
 11%|█▏        | 212/1875 [1:43:37<13:38:29, 29.53s/it]
 11%|█▏        | 213/1875 [1:44:06<13:36:21, 29.47s/it]
 11%|█▏        | 214/1875 [1:44:36<13:33:51, 29.40s/it]
 11%|█▏        | 215/1875 [1:45:05<13:30:19, 29.29s/it]
 12%|█▏        | 216/1875 [1:45:34<13:33:01, 29.40s/it]
 12%|█▏        | 217/1875 [1:46:03<13:26:03, 29.17s/it]
 12%|█▏        | 218/1875 [1:46:33<13:33:03, 29.44s/it]
 12%|█▏        | 219/1875 [1:47:03<13:38:52, 29.67s/it]
 12%|█▏        | 220/1875 [1:47:33<13:37:33, 29.64s/it]
                                                       
{'loss': 80.46071345061064, 'grad_norm': 1848.5306396484375, 'learning_rate': 4.99583531303121e-07, 'objective': -80.46071345061064, 'term_clipped': -80.46071345061064, 'ratio_selected_mean': 479447243.375, 'log_ratio_selected_mean': 19.96422414779663, 'f_X_Y2_mean': 0.8046875, 'f_X_Y1_mean': 0.146875, 'epoch': 0.12}

 12%|█▏        | 220/1875 [1:47:33<13:37:33, 29.64s/it]
 12%|█▏        | 221/1875 [1:48:03<13:39:23, 29.72s/it]
 12%|█▏        | 222/1875 [1:48:32<13:32:47, 29.50s/it]
 12%|█▏        | 223/1875 [1:49:03<13:44:09, 29.93s/it]
 12%|█▏        | 224/1875 [1:49:32<13:39:35, 29.79s/it]
 12%|█▏        | 225/1875 [1:50:01<13:36:01, 29.67s/it]
 12%|█▏        | 226/1875 [1:50:31<13:34:54, 29.65s/it]
 12%|█▏        | 227/1875 [1:51:00<13:31:24, 29.54s/it]
 12%|█▏        | 228/1875 [1:51:29<13:24:34, 29.31s/it]
 12%|█▏        | 229/1875 [1:51:59<13:27:42, 29.44s/it]
 12%|█▏        | 230/1875 [1:52:28<13:21:42, 29.24s/it]
                                                       
{'loss': 10.403590741753579, 'grad_norm': 2852.93994140625, 'learning_rate': 4.992716563858249e-07, 'objective': -10.403590741753579, 'term_clipped': -10.403590741753579, 'ratio_selected_mean': 479190116.5625, 'log_ratio_selected_mean': 19.947295475006104, 'f_X_Y2_mean': 0.81171875, 'f_X_Y1_mean': 0.12265625, 'epoch': 0.12}

 12%|█▏        | 230/1875 [1:52:28<13:21:42, 29.24s/it]
 12%|█▏        | 231/1875 [1:52:57<13:19:47, 29.19s/it]
 12%|█▏        | 232/1875 [1:53:26<13:23:52, 29.36s/it]
 12%|█▏        | 233/1875 [1:53:56<13:22:24, 29.32s/it]
 12%|█▏        | 234/1875 [1:54:25<13:21:26, 29.30s/it]
 13%|█▎        | 235/1875 [1:54:55<13:26:00, 29.49s/it]
 13%|█▎        | 236/1875 [1:55:25<13:30:51, 29.68s/it]
 13%|█▎        | 237/1875 [1:55:54<13:28:11, 29.60s/it]
 13%|█▎        | 238/1875 [1:56:24<13:29:03, 29.65s/it]
 13%|█▎        | 239/1875 [1:56:54<13:31:19, 29.76s/it]
 13%|█▎        | 240/1875 [1:57:23<13:24:27, 29.52s/it]
                                                       
{'loss': 18.690174713730812, 'grad_norm': 3176.193115234375, 'learning_rate': 4.98873338448975e-07, 'objective': -18.690174713730812, 'term_clipped': -18.690174713730812, 'ratio_selected_mean': 476391549.0, 'log_ratio_selected_mean': 19.951989245414733, 'f_X_Y2_mean': 0.81328125, 'f_X_Y1_mean': 0.125, 'epoch': 0.13}

 13%|█▎        | 240/1875 [1:57:23<13:24:27, 29.52s/it]
 13%|█▎        | 241/1875 [1:57:53<13:24:56, 29.56s/it]
 13%|█▎        | 242/1875 [1:58:21<13:17:03, 29.29s/it]
 13%|█▎        | 243/1875 [1:58:50<13:10:05, 29.05s/it]
 13%|█▎        | 244/1875 [1:59:19<13:06:58, 28.95s/it]
 13%|█▎        | 245/1875 [1:59:47<13:03:23, 28.84s/it]
 13%|█▎        | 246/1875 [2:00:16<13:02:14, 28.81s/it]
 13%|█▎        | 247/1875 [2:00:45<13:04:31, 28.91s/it]
 13%|█▎        | 248/1875 [2:01:15<13:08:40, 29.08s/it]
 13%|█▎        | 249/1875 [2:01:44<13:11:11, 29.20s/it]
 13%|█▎        | 250/1875 [2:02:13<13:11:27, 29.22s/it]
                                                       
{'loss': 44.66172741651535, 'grad_norm': 2123.06005859375, 'learning_rate': 4.983887156222155e-07, 'objective': -44.66172741651535, 'term_clipped': -44.66172741651535, 'ratio_selected_mean': 480971020.2, 'log_ratio_selected_mean': 19.985295915603636, 'f_X_Y2_mean': 0.8265625, 'f_X_Y1_mean': 0.14921875, 'epoch': 0.13}

 13%|█▎        | 250/1875 [2:02:14<13:11:27, 29.22s/it]
 13%|█▎        | 251/1875 [2:02:41<13:02:04, 28.89s/it]
 13%|█▎        | 252/1875 [2:03:11<13:06:39, 29.08s/it]
 13%|█▎        | 253/1875 [2:03:40<13:05:20, 29.05s/it]
 14%|█▎        | 254/1875 [2:04:09<13:07:31, 29.15s/it]
 14%|█▎        | 255/1875 [2:04:38<13:06:04, 29.11s/it]
 14%|█▎        | 256/1875 [2:05:08<13:06:45, 29.16s/it]
 14%|█▎        | 257/1875 [2:05:37<13:06:27, 29.16s/it]
 14%|█▍        | 258/1875 [2:06:07<13:12:25, 29.40s/it]
 14%|█▍        | 259/1875 [2:06:37<13:15:25, 29.53s/it]
 14%|█▍        | 260/1875 [2:07:06<13:11:24, 29.40s/it]
                                                       
{'loss': 9.1960493683815, 'grad_norm': 2899.627197265625, 'learning_rate': 4.97817955964206e-07, 'objective': -9.1960493683815, 'term_clipped': -9.1960493683815, 'ratio_selected_mean': 469910819.50245064, 'log_ratio_selected_mean': 19.68554573059082, 'f_X_Y2_mean': 0.80390625, 'f_X_Y1_mean': 0.15390625, 'epoch': 0.14}

 14%|█▍        | 260/1875 [2:07:06<13:11:24, 29.40s/it]
 14%|█▍        | 261/1875 [2:07:36<13:16:06, 29.59s/it]
 14%|█▍        | 262/1875 [2:08:05<13:12:26, 29.48s/it]
 14%|█▍        | 263/1875 [2:08:35<13:17:03, 29.67s/it]
 14%|█▍        | 264/1875 [2:09:06<13:23:30, 29.93s/it]
 14%|█▍        | 265/1875 [2:09:34<13:13:09, 29.56s/it]
 14%|█▍        | 266/1875 [2:10:04<13:10:05, 29.46s/it]
 14%|█▍        | 267/1875 [2:10:33<13:10:53, 29.51s/it]
 14%|█▍        | 268/1875 [2:11:03<13:10:22, 29.51s/it]
 14%|█▍        | 269/1875 [2:11:32<13:08:10, 29.45s/it]
 14%|█▍        | 270/1875 [2:12:01<13:04:18, 29.32s/it]
                                                       
{'loss': 42.14014499187469, 'grad_norm': 3676.50537109375, 'learning_rate': 4.971612574043422e-07, 'objective': -42.14014499187469, 'term_clipped': -42.14014499187469, 'ratio_selected_mean': 479100650.844371, 'log_ratio_selected_mean': 19.76583571434021, 'f_X_Y2_mean': 0.78671875, 'f_X_Y1_mean': 0.14453125, 'epoch': 0.14}

 14%|█▍        | 270/1875 [2:12:01<13:04:18, 29.32s/it]
 14%|█▍        | 271/1875 [2:12:30<13:03:28, 29.31s/it]
 15%|█▍        | 272/1875 [2:12:59<12:54:36, 28.99s/it]
 15%|█▍        | 273/1875 [2:13:27<12:53:40, 28.98s/it]
 15%|█▍        | 274/1875 [2:13:56<12:50:56, 28.89s/it]
 15%|█▍        | 275/1875 [2:14:26<12:54:46, 29.05s/it]
 15%|█▍        | 276/1875 [2:14:56<13:03:09, 29.39s/it]
 15%|█▍        | 277/1875 [2:15:25<12:59:52, 29.28s/it]
 15%|█▍        | 278/1875 [2:15:54<12:58:16, 29.24s/it]
 15%|█▍        | 279/1875 [2:16:23<12:59:47, 29.32s/it]
 15%|█▍        | 280/1875 [2:16:52<12:56:17, 29.20s/it]
                                                       
{'loss': 29.896559250354766, 'grad_norm': 2994.752197265625, 'learning_rate': 4.964188476741171e-07, 'objective': -29.896559250354766, 'term_clipped': -29.896559250354766, 'ratio_selected_mean': 472506882.3009933, 'log_ratio_selected_mean': 19.78321714401245, 'f_X_Y2_mean': 0.8, 'f_X_Y1_mean': 0.14140625, 'epoch': 0.15}

 15%|█▍        | 280/1875 [2:16:53<12:56:17, 29.20s/it]
 15%|█▍        | 281/1875 [2:17:22<12:59:36, 29.35s/it]
 15%|█▌        | 282/1875 [2:17:52<13:00:23, 29.39s/it]
 15%|█▌        | 283/1875 [2:18:21<12:57:34, 29.31s/it]
 15%|█▌        | 284/1875 [2:18:50<12:53:32, 29.17s/it]
 15%|█▌        | 285/1875 [2:19:19<12:52:59, 29.17s/it]
 15%|█▌        | 286/1875 [2:19:48<12:51:55, 29.15s/it]
 15%|█▌        | 287/1875 [2:20:18<13:02:21, 29.56s/it]
 15%|█▌        | 288/1875 [2:20:47<12:56:07, 29.34s/it]
 15%|█▌        | 289/1875 [2:21:16<12:53:26, 29.26s/it]
 15%|█▌        | 290/1875 [2:21:46<12:53:31, 29.28s/it]
                                                       
{'loss': -4.9959732592105865, 'grad_norm': 4199.25244140625, 'learning_rate': 4.955909842281477e-07, 'objective': 4.9959732592105865, 'term_clipped': 4.9959732592105865, 'ratio_selected_mean': 470727498.1832031, 'log_ratio_selected_mean': 19.802890872955324, 'f_X_Y2_mean': 0.78828125, 'f_X_Y1_mean': 0.13046875, 'epoch': 0.15}

 15%|█▌        | 290/1875 [2:21:46<12:53:31, 29.28s/it]
 16%|█▌        | 291/1875 [2:22:15<12:54:13, 29.33s/it]
 16%|█▌        | 292/1875 [2:22:44<12:48:40, 29.13s/it]
 16%|█▌        | 293/1875 [2:23:13<12:50:07, 29.21s/it]
 16%|█▌        | 294/1875 [2:23:43<12:56:18, 29.46s/it]
 16%|█▌        | 295/1875 [2:24:13<12:56:11, 29.48s/it]
 16%|█▌        | 296/1875 [2:24:43<13:03:09, 29.76s/it]
 16%|█▌        | 297/1875 [2:25:13<13:01:23, 29.71s/it]
 16%|█▌        | 298/1875 [2:25:42<12:58:06, 29.60s/it]
 16%|█▌        | 299/1875 [2:26:11<12:53:18, 29.44s/it]
 16%|█▌        | 300/1875 [2:26:40<12:48:25, 29.27s/it]
                                                       
{'loss': 17.73682884275913, 'grad_norm': 3322.16064453125, 'learning_rate': 4.946779541548941e-07, 'objective': -17.73682884275913, 'term_clipped': -17.73682884275913, 'ratio_selected_mean': 470088543.53916013, 'log_ratio_selected_mean': 19.833022594451904, 'f_X_Y2_mean': 0.80859375, 'f_X_Y1_mean': 0.15625, 'epoch': 0.16}

 16%|█▌        | 300/1875 [2:26:40<12:48:25, 29.27s/it]
 16%|█▌        | 301/1875 [2:27:10<12:52:24, 29.44s/it]
 16%|█▌        | 302/1875 [2:27:39<12:47:28, 29.27s/it]
 16%|█▌        | 303/1875 [2:28:08<12:45:42, 29.23s/it]
 16%|█▌        | 304/1875 [2:28:37<12:48:11, 29.34s/it]
 16%|█▋        | 305/1875 [2:29:06<12:39:41, 29.03s/it]
 16%|█▋        | 306/1875 [2:29:36<12:45:46, 29.28s/it]
 16%|█▋        | 307/1875 [2:30:05<12:46:43, 29.34s/it]
 16%|█▋        | 308/1875 [2:30:35<12:47:30, 29.39s/it]
 16%|█▋        | 309/1875 [2:31:03<12:42:31, 29.22s/it]
 17%|█▋        | 310/1875 [2:31:32<12:39:03, 29.10s/it]
                                                       
{'loss': 21.683307045698164, 'grad_norm': 3313.82763671875, 'learning_rate': 4.936800740771033e-07, 'objective': -21.683307045698164, 'term_clipped': -21.683307045698164, 'ratio_selected_mean': 469903350.14673555, 'log_ratio_selected_mean': 19.68588352203369, 'f_X_Y2_mean': 0.7875, 'f_X_Y1_mean': 0.128125, 'epoch': 0.17}

 17%|█▋        | 310/1875 [2:31:32<12:39:03, 29.10s/it]
 17%|█▋        | 311/1875 [2:32:01<12:33:33, 28.91s/it]
 17%|█▋        | 312/1875 [2:32:30<12:33:24, 28.92s/it]
 17%|█▋        | 313/1875 [2:32:59<12:34:20, 28.98s/it]
 17%|█▋        | 314/1875 [2:33:29<12:44:09, 29.37s/it]
 17%|█▋        | 315/1875 [2:33:59<12:48:22, 29.55s/it]
 17%|█▋        | 316/1875 [2:34:28<12:45:22, 29.46s/it]
 17%|█▋        | 317/1875 [2:34:58<12:44:48, 29.45s/it]
 17%|█▋        | 318/1875 [2:35:28<12:48:41, 29.62s/it]
 17%|█▋        | 319/1875 [2:35:57<12:47:46, 29.61s/it]
 17%|█▋        | 320/1875 [2:36:27<12:46:17, 29.57s/it]
                                                       
{'loss': 60.77010298371315, 'grad_norm': 2945.51171875, 'learning_rate': 4.925976900420082e-07, 'objective': -60.77010298371315, 'term_clipped': -60.77010298371315, 'ratio_selected_mean': 463524960.1423584, 'log_ratio_selected_mean': 19.744278573989867, 'f_X_Y2_mean': 0.7890625, 'f_X_Y1_mean': 0.115625, 'epoch': 0.17}

 17%|█▋        | 320/1875 [2:36:27<12:46:17, 29.57s/it]
 17%|█▋        | 321/1875 [2:36:56<12:45:29, 29.56s/it]
 17%|█▋        | 322/1875 [2:37:25<12:38:03, 29.29s/it]
 17%|█▋        | 323/1875 [2:37:55<12:40:25, 29.40s/it]
 17%|█▋        | 324/1875 [2:38:25<12:45:41, 29.62s/it]
 17%|█▋        | 325/1875 [2:38:54<12:39:10, 29.39s/it]
 17%|█▋        | 326/1875 [2:39:23<12:39:37, 29.42s/it]
 17%|█▋        | 327/1875 [2:39:52<12:35:23, 29.28s/it]
 17%|█▋        | 328/1875 [2:40:22<12:37:41, 29.39s/it]
 18%|█▊        | 329/1875 [2:40:51<12:37:35, 29.40s/it]
 18%|█▊        | 330/1875 [2:41:21<12:40:01, 29.52s/it]
                                                       
{'loss': 36.376121419668195, 'grad_norm': 4211.76806640625, 'learning_rate': 4.914311774013266e-07, 'objective': -36.376121419668195, 'term_clipped': -36.376121419668195, 'ratio_selected_mean': 453698631.6800903, 'log_ratio_selected_mean': 19.66529002189636, 'f_X_Y2_mean': 0.7671875, 'f_X_Y1_mean': 0.1234375, 'epoch': 0.18}

 18%|█▊        | 330/1875 [2:41:21<12:40:01, 29.52s/it]
 18%|█▊        | 331/1875 [2:41:50<12:38:40, 29.48s/it]
 18%|█▊        | 332/1875 [2:42:20<12:42:56, 29.67s/it]
 18%|█▊        | 333/1875 [2:42:50<12:44:39, 29.75s/it]
 18%|█▊        | 334/1875 [2:43:20<12:46:20, 29.84s/it]
 18%|█▊        | 335/1875 [2:43:49<12:39:36, 29.59s/it]
 18%|█▊        | 336/1875 [2:44:19<12:38:24, 29.57s/it]
 18%|█▊        | 337/1875 [2:44:49<12:39:07, 29.61s/it]
 18%|█▊        | 338/1875 [2:45:18<12:35:05, 29.48s/it]
 18%|█▊        | 339/1875 [2:45:47<12:34:25, 29.47s/it]
 18%|█▊        | 340/1875 [2:46:16<12:26:52, 29.19s/it]
                                                       
{'loss': -20.457267969846725, 'grad_norm': 3522.904541015625, 'learning_rate': 4.901809406810942e-07, 'objective': 20.457267969846725, 'term_clipped': 20.457267969846725, 'ratio_selected_mean': 438812858.9784872, 'log_ratio_selected_mean': 18.85481505393982, 'f_X_Y2_mean': 0.834375, 'f_X_Y1_mean': 0.14921875, 'epoch': 0.18}

 18%|█▊        | 340/1875 [2:46:16<12:26:52, 29.19s/it]
 18%|█▊        | 341/1875 [2:46:45<12:30:04, 29.34s/it]
 18%|█▊        | 342/1875 [2:47:14<12:24:06, 29.12s/it]
 18%|█▊        | 343/1875 [2:47:43<12:25:20, 29.19s/it]
 18%|█▊        | 344/1875 [2:48:13<12:25:35, 29.22s/it]
 18%|█▊        | 345/1875 [2:48:42<12:26:10, 29.26s/it]
 18%|█▊        | 346/1875 [2:49:11<12:23:05, 29.16s/it]
 19%|█▊        | 347/1875 [2:49:40<12:18:44, 29.01s/it]
 19%|█▊        | 348/1875 [2:50:09<12:24:08, 29.24s/it]
 19%|█▊        | 349/1875 [2:50:40<12:34:11, 29.65s/it]
 19%|█▊        | 350/1875 [2:51:10<12:32:37, 29.61s/it]
                                                       
{'loss': 2.6180737733840944, 'grad_norm': 3544.2841796875, 'learning_rate': 4.888474134413829e-07, 'objective': -2.6180737733840944, 'term_clipped': -2.6180737733840944, 'ratio_selected_mean': 468938607.527002, 'log_ratio_selected_mean': 19.84252848625183, 'f_X_Y2_mean': 0.81015625, 'f_X_Y1_mean': 0.1546875, 'epoch': 0.19}

 19%|█▊        | 350/1875 [2:51:10<12:32:37, 29.61s/it]
 19%|█▊        | 351/1875 [2:51:39<12:29:46, 29.52s/it]
 19%|█▉        | 352/1875 [2:52:08<12:28:02, 29.47s/it]
 19%|█▉        | 353/1875 [2:52:38<12:31:22, 29.62s/it]
 19%|█▉        | 354/1875 [2:53:08<12:29:09, 29.55s/it]
 19%|█▉        | 355/1875 [2:53:37<12:25:23, 29.42s/it]
 19%|█▉        | 356/1875 [2:54:07<12:33:37, 29.77s/it]
 19%|█▉        | 357/1875 [2:54:36<12:26:17, 29.50s/it]
 19%|█▉        | 358/1875 [2:55:05<12:21:42, 29.34s/it]
 19%|█▉        | 359/1875 [2:55:34<12:18:30, 29.23s/it]
 19%|█▉        | 360/1875 [2:56:04<12:20:28, 29.33s/it]
                                                       
{'loss': -53.46896510124206, 'grad_norm': 4567.46337890625, 'learning_rate': 4.874310581259494e-07, 'objective': 53.46896510124206, 'term_clipped': 53.46896510124206, 'ratio_selected_mean': 410425432.153111, 'log_ratio_selected_mean': 18.936108827590942, 'f_X_Y2_mean': 0.80859375, 'f_X_Y1_mean': 0.1390625, 'epoch': 0.19}

 19%|█▉        | 360/1875 [2:56:04<12:20:28, 29.33s/it]
 19%|█▉        | 361/1875 [2:56:32<12:15:56, 29.17s/it]
 19%|█▉        | 362/1875 [2:57:01<12:08:49, 28.90s/it]
 19%|█▉        | 363/1875 [2:57:30<12:12:28, 29.07s/it]
 19%|█▉        | 364/1875 [2:57:59<12:10:06, 28.99s/it]
 19%|█▉        | 365/1875 [2:58:28<12:08:55, 28.96s/it]
 20%|█▉        | 366/1875 [2:58:57<12:08:42, 28.97s/it]
 20%|█▉        | 367/1875 [2:59:27<12:14:22, 29.22s/it]
 20%|█▉        | 368/1875 [2:59:56<12:14:34, 29.25s/it]
 20%|█▉        | 369/1875 [3:00:24<12:08:06, 29.01s/it]
 20%|█▉        | 370/1875 [3:00:53<12:05:55, 28.94s/it]
                                                       
{'loss': 79.3813581392169, 'grad_norm': 5257.5263671875, 'learning_rate': 4.859323659018684e-07, 'objective': -79.3813581392169, 'term_clipped': -79.3813581392169, 'ratio_selected_mean': 451704609.9782831, 'log_ratio_selected_mean': 19.14568123817444, 'f_X_Y2_mean': 0.77578125, 'f_X_Y1_mean': 0.14765625, 'epoch': 0.2}

 20%|█▉        | 370/1875 [3:00:53<12:05:55, 28.94s/it]
 20%|█▉        | 371/1875 [3:01:23<12:11:00, 29.16s/it]
 20%|█▉        | 372/1875 [3:01:52<12:12:21, 29.24s/it]
 20%|█▉        | 373/1875 [3:02:22<12:14:19, 29.33s/it]
 20%|█▉        | 374/1875 [3:02:51<12:10:53, 29.22s/it]
 20%|██        | 375/1875 [3:03:19<12:06:08, 29.05s/it]
 20%|██        | 376/1875 [3:03:50<12:14:10, 29.39s/it]
 20%|██        | 377/1875 [3:04:19<12:10:30, 29.26s/it]
 20%|██        | 378/1875 [3:04:48<12:07:41, 29.17s/it]
 20%|██        | 379/1875 [3:05:17<12:13:17, 29.41s/it]
 20%|██        | 380/1875 [3:05:47<12:17:09, 29.58s/it]
                                                       
{'loss': -36.765936648845674, 'grad_norm': 2475.820068359375, 'learning_rate': 4.843518564892039e-07, 'objective': 36.765936648845674, 'term_clipped': 36.765936648845674, 'ratio_selected_mean': 457350891.65842664, 'log_ratio_selected_mean': 19.57203302383423, 'f_X_Y2_mean': 0.82734375, 'f_X_Y1_mean': 0.1546875, 'epoch': 0.2}

 20%|██        | 380/1875 [3:05:48<12:17:09, 29.58s/it]
 20%|██        | 381/1875 [3:06:17<12:13:48, 29.47s/it]
 20%|██        | 382/1875 [3:06:46<12:08:35, 29.28s/it]
 20%|██        | 383/1875 [3:07:14<12:04:29, 29.13s/it]
 20%|██        | 384/1875 [3:07:43<12:04:01, 29.14s/it]
 21%|██        | 385/1875 [3:08:13<12:08:08, 29.32s/it]
 21%|██        | 386/1875 [3:08:44<12:15:26, 29.64s/it]
 21%|██        | 387/1875 [3:09:13<12:09:55, 29.43s/it]
 21%|██        | 388/1875 [3:09:42<12:07:38, 29.36s/it]
 21%|██        | 389/1875 [3:10:10<12:01:34, 29.13s/it]
 21%|██        | 390/1875 [3:10:41<12:14:09, 29.66s/it]
                                                       
{'loss': 32.15623446702957, 'grad_norm': 2789.39990234375, 'learning_rate': 4.826900779807799e-07, 'objective': -32.15623446702957, 'term_clipped': -32.15623446702957, 'ratio_selected_mean': 433512423.649963, 'log_ratio_selected_mean': 19.133126497268677, 'f_X_Y2_mean': 0.82109375, 'f_X_Y1_mean': 0.16875, 'epoch': 0.21}

 21%|██        | 390/1875 [3:10:41<12:14:09, 29.66s/it]
 21%|██        | 391/1875 [3:11:11<12:11:48, 29.59s/it]
 21%|██        | 392/1875 [3:11:40<12:12:47, 29.65s/it]
 21%|██        | 393/1875 [3:12:10<12:11:16, 29.61s/it]
 21%|██        | 394/1875 [3:12:39<12:09:20, 29.55s/it]
 21%|██        | 395/1875 [3:13:09<12:08:02, 29.52s/it]
 21%|██        | 396/1875 [3:13:39<12:09:37, 29.60s/it]
 21%|██        | 397/1875 [3:14:08<12:06:16, 29.48s/it]
 21%|██        | 398/1875 [3:14:37<12:06:52, 29.53s/it]
 21%|██▏       | 399/1875 [3:15:05<11:54:59, 29.06s/it]
 21%|██▏       | 400/1875 [3:15:34<11:49:32, 28.86s/it]
                                                       
{'loss': -18.058588856458663, 'grad_norm': 2406.970458984375, 'learning_rate': 4.80947606652111e-07, 'objective': 18.058588856458663, 'term_clipped': 18.058588856458663, 'ratio_selected_mean': 425742583.3400348, 'log_ratio_selected_mean': 19.33617422580719, 'f_X_Y2_mean': 0.81328125, 'f_X_Y1_mean': 0.14921875, 'epoch': 0.21}

 21%|██▏       | 400/1875 [3:15:34<11:49:32, 28.86s/it]
 21%|██▏       | 401/1875 [3:16:03<11:54:35, 29.09s/it]
 21%|██▏       | 402/1875 [3:16:33<11:55:36, 29.15s/it]
 21%|██▏       | 403/1875 [3:17:02<11:59:39, 29.33s/it]
 22%|██▏       | 404/1875 [3:17:32<12:01:49, 29.44s/it]
 22%|██▏       | 405/1875 [3:18:01<11:59:09, 29.35s/it]
 22%|██▏       | 406/1875 [3:18:30<11:55:21, 29.22s/it]
 22%|██▏       | 407/1875 [3:18:59<11:53:51, 29.18s/it]
 22%|██▏       | 408/1875 [3:19:28<11:50:46, 29.07s/it]
 22%|██▏       | 409/1875 [3:19:58<11:56:37, 29.33s/it]
 22%|██▏       | 410/1875 [3:20:27<11:52:45, 29.19s/it]
                                                       
{'loss': 80.06798144578934, 'grad_norm': 3288.909912109375, 'learning_rate': 4.791250467615608e-07, 'objective': -80.06798144578934, 'term_clipped': -80.06798144578934, 'ratio_selected_mean': 387716939.4734982, 'log_ratio_selected_mean': 17.341540813446045, 'f_X_Y2_mean': 0.81875, 'f_X_Y1_mean': 0.1421875, 'epoch': 0.22}

 22%|██▏       | 410/1875 [3:20:27<11:52:45, 29.19s/it]
 22%|██▏       | 411/1875 [3:20:56<11:51:49, 29.17s/it]
 22%|██▏       | 412/1875 [3:21:25<11:51:00, 29.16s/it]
 22%|██▏       | 413/1875 [3:21:55<11:53:33, 29.28s/it]
 22%|██▏       | 414/1875 [3:22:24<11:54:52, 29.36s/it]
 22%|██▏       | 415/1875 [3:22:54<11:55:35, 29.41s/it]
 22%|██▏       | 416/1875 [3:23:23<11:54:40, 29.39s/it]
 22%|██▏       | 417/1875 [3:23:53<11:53:59, 29.38s/it]
 22%|██▏       | 418/1875 [3:24:21<11:49:23, 29.21s/it]
 22%|██▏       | 419/1875 [3:24:51<11:54:10, 29.43s/it]
 22%|██▏       | 420/1875 [3:25:20<11:51:02, 29.32s/it]
                                                       
{'loss': 65.34061269462109, 'grad_norm': 3167.712646484375, 'learning_rate': 4.77223030340795e-07, 'objective': -65.34061269462109, 'term_clipped': -65.34061269462109, 'ratio_selected_mean': 436462899.54023916, 'log_ratio_selected_mean': 19.163490962982177, 'f_X_Y2_mean': 0.80703125, 'f_X_Y1_mean': 0.15546875, 'epoch': 0.22}

 22%|██▏       | 420/1875 [3:25:20<11:51:02, 29.32s/it]
 22%|██▏       | 421/1875 [3:25:49<11:48:56, 29.25s/it]
 23%|██▎       | 422/1875 [3:26:19<11:49:53, 29.31s/it]
 23%|██▎       | 423/1875 [3:26:48<11:45:18, 29.14s/it]
 23%|██▎       | 424/1875 [3:27:18<11:51:35, 29.42s/it]
 23%|██▎       | 425/1875 [3:27:48<11:54:38, 29.57s/it]
 23%|██▎       | 426/1875 [3:28:17<11:52:13, 29.49s/it]
 23%|██▎       | 427/1875 [3:28:46<11:51:04, 29.46s/it]
 23%|██▎       | 428/1875 [3:29:16<11:48:54, 29.40s/it]
 23%|██▎       | 429/1875 [3:29:45<11:50:43, 29.49s/it]
 23%|██▎       | 430/1875 [3:30:15<11:54:09, 29.65s/it]
                                                       
{'loss': 32.234468842297794, 'grad_norm': 4894.88818359375, 'learning_rate': 4.752422169756047e-07, 'objective': -32.234468842297794, 'term_clipped': -32.234468842297794, 'ratio_selected_mean': 352748712.89949614, 'log_ratio_selected_mean': 17.18171622753143, 'f_X_Y2_mean': 0.81640625, 'f_X_Y1_mean': 0.1234375, 'epoch': 0.23}

 23%|██▎       | 430/1875 [3:30:15<11:54:09, 29.65s/it]
 23%|██▎       | 431/1875 [3:30:46<12:01:52, 30.00s/it]
 23%|██▎       | 432/1875 [3:31:16<12:00:23, 29.95s/it]
 23%|██▎       | 433/1875 [3:31:46<12:00:53, 30.00s/it]
 23%|██▎       | 434/1875 [3:32:14<11:47:28, 29.46s/it]
 23%|██▎       | 435/1875 [3:32:43<11:43:03, 29.29s/it]
 23%|██▎       | 436/1875 [3:33:13<11:44:47, 29.39s/it]
 23%|██▎       | 437/1875 [3:33:42<11:41:39, 29.28s/it]
 23%|██▎       | 438/1875 [3:34:11<11:42:23, 29.33s/it]
 23%|██▎       | 439/1875 [3:34:40<11:37:42, 29.15s/it]
 23%|██▎       | 440/1875 [3:35:09<11:37:47, 29.18s/it]
                                                       
{'loss': -12.336340916156768, 'grad_norm': 3370.832275390625, 'learning_rate': 4.731832935771734e-07, 'objective': 12.336340916156768, 'term_clipped': 12.336340916156768, 'ratio_selected_mean': 348282231.37123656, 'log_ratio_selected_mean': 16.626658725738526, 'f_X_Y2_mean': 0.8203125, 'f_X_Y1_mean': 0.13046875, 'epoch': 0.23}

 23%|██▎       | 440/1875 [3:35:09<11:37:47, 29.18s/it]
 24%|██▎       | 441/1875 [3:35:38<11:32:28, 28.97s/it]
 24%|██▎       | 442/1875 [3:36:07<11:35:05, 29.10s/it]
 24%|██▎       | 443/1875 [3:36:36<11:36:07, 29.17s/it]
 24%|██▎       | 444/1875 [3:37:07<11:42:50, 29.47s/it]
 24%|██▎       | 445/1875 [3:37:37<11:50:55, 29.83s/it]
 24%|██▍       | 446/1875 [3:38:06<11:43:18, 29.53s/it]
 24%|██▍       | 447/1875 [3:38:36<11:47:17, 29.72s/it]
 24%|██▍       | 448/1875 [3:39:05<11:41:42, 29.50s/it]
 24%|██▍       | 449/1875 [3:39:34<11:35:11, 29.25s/it]
 24%|██▍       | 450/1875 [3:40:03<11:33:05, 29.18s/it]
                                                       
{'loss': -5.129980035126209, 'grad_norm': 5488.81396484375, 'learning_rate': 4.7104697414386787e-07, 'objective': 5.129980035126209, 'term_clipped': 5.129980035126209, 'ratio_selected_mean': 308622217.34413254, 'log_ratio_selected_mean': 15.838096117973327, 'f_X_Y2_mean': 0.80390625, 'f_X_Y1_mean': 0.13125, 'epoch': 0.24}

 24%|██▍       | 450/1875 [3:40:03<11:33:05, 29.18s/it]
 24%|██▍       | 451/1875 [3:40:33<11:41:24, 29.55s/it]
 24%|██▍       | 452/1875 [3:41:03<11:40:42, 29.55s/it]
 24%|██▍       | 453/1875 [3:41:32<11:35:11, 29.33s/it]
 24%|██▍       | 454/1875 [3:42:01<11:34:24, 29.32s/it]
 24%|██▍       | 455/1875 [3:42:30<11:32:51, 29.28s/it]
 24%|██▍       | 456/1875 [3:42:58<11:24:10, 28.93s/it]
 24%|██▍       | 457/1875 [3:43:27<11:22:39, 28.89s/it]
 24%|██▍       | 458/1875 [3:43:57<11:28:35, 29.16s/it]
 24%|██▍       | 459/1875 [3:44:26<11:30:25, 29.26s/it]
 25%|██▍       | 460/1875 [3:44:56<11:30:25, 29.28s/it]
                                                       
{'loss': -4.240404880046844, 'grad_norm': 3368.204833984375, 'learning_rate': 4.688339995136367e-07, 'objective': 4.240404880046844, 'term_clipped': 4.240404880046844, 'ratio_selected_mean': 266437626.89363408, 'log_ratio_selected_mean': 13.058900403976441, 'f_X_Y2_mean': 0.78671875, 'f_X_Y1_mean': 0.1359375, 'epoch': 0.25}

 25%|██▍       | 460/1875 [3:44:56<11:30:25, 29.28s/it]
 25%|██▍       | 461/1875 [3:45:24<11:25:12, 29.08s/it]
 25%|██▍       | 462/1875 [3:45:53<11:23:01, 29.00s/it]
 25%|██▍       | 463/1875 [3:46:22<11:24:26, 29.08s/it]
 25%|██▍       | 464/1875 [3:46:53<11:33:49, 29.50s/it]
 25%|██▍       | 465/1875 [3:47:21<11:25:11, 29.16s/it]
 25%|██▍       | 466/1875 [3:47:49<11:17:58, 28.87s/it]
 25%|██▍       | 467/1875 [3:48:19<11:20:38, 29.00s/it]
 25%|██▍       | 468/1875 [3:48:47<11:17:39, 28.90s/it]
 25%|██▌       | 469/1875 [3:49:18<11:26:30, 29.30s/it]
 25%|██▌       | 470/1875 [3:49:47<11:29:49, 29.46s/it]
                                                       
{'loss': 40.009760943055156, 'grad_norm': 2694.66845703125, 'learning_rate': 4.6654513710710053e-07, 'objective': -40.009760943055156, 'term_clipped': -40.009760943055156, 'ratio_selected_mean': 268652911.63866353, 'log_ratio_selected_mean': 14.45320086479187, 'f_X_Y2_mean': 0.8109375, 'f_X_Y1_mean': 0.1234375, 'epoch': 0.25}

 25%|██▌       | 470/1875 [3:49:48<11:29:49, 29.46s/it]
 25%|██▌       | 471/1875 [3:50:18<11:35:16, 29.71s/it]
 25%|██▌       | 472/1875 [3:50:47<11:28:18, 29.44s/it]
 25%|██▌       | 473/1875 [3:51:17<11:31:35, 29.60s/it]
 25%|██▌       | 474/1875 [3:51:45<11:24:43, 29.32s/it]
 25%|██▌       | 475/1875 [3:52:14<11:20:30, 29.16s/it]
 25%|██▌       | 476/1875 [3:52:42<11:14:45, 28.94s/it]
 25%|██▌       | 477/1875 [3:53:12<11:19:56, 29.18s/it]
 25%|██▌       | 478/1875 [3:53:42<11:25:00, 29.42s/it]
 26%|██▌       | 479/1875 [3:54:10<11:14:38, 29.00s/it] 26%|██▌       | 480/1875 [3:54:39<11:10:51, 28.85s/it]                                                       {'loss': 69.3674022749532, 'grad_norm': 2440.29296875, 'learning_rate': 4.641811806614239e-07, 'objective': -69.3674022749532, 'term_clipped': -69.3674022749532, 'ratio_selected_mean': 269747821.39336854, 'log_ratio_selected_mean': 14.12036406993866, 'f_X_Y2_mean': 0.79140625, 'f_X_Y1_mean': 0.15234375, 'epoch': 0.26}
 26%|██▌       | 480/1875 [3:54:39<11:10:51, 28.85s/it] 26%|██▌       | 481/1875 [3:55:08<11:15:50, 29.09s/it] 26%|██▌       | 482/1875 [3:55:38<11:18:33, 29.23s/it] 26%|██▌       | 483/1875 [3:56:08<11:23:45, 29.47s/it] 26%|██▌       | 484/1875 [3:56:37<11:22:35, 29.44s/it] 26%|██▌       | 485/1875 [3:57:07<11:22:48, 29.47s/it] 26%|██▌       | 486/1875 [3:57:37<11:26:33, 29.66s/it] 26%|██▌       | 487/1875 [3:58:06<11:22:14, 29.49s/it] 26%|██▌       | 488/1875 [3:58:35<11:15:08, 29.21s/it] 26%|██▌       | 489/1875 [3:59:03<11:10:12, 29.01s/it] 26%|██▌       | 490/1875 [3:59:33<11:18:06, 29.38s/it]                                                       {'loss': -10.701868282258511, 'grad_norm': 5374.341796875, 'learning_rate': 4.617429499550615e-07, 'objective': 10.701868282258511, 'term_clipped': 10.701868282258511, 'ratio_selected_mean': 264761796.45721453, 'log_ratio_selected_mean': 13.324245715141297, 'f_X_Y2_mean': 0.83046875, 'f_X_Y1_mean': 0.1515625, 'epoch': 0.26}
 26%|██▌       | 490/1875 [3:59:33<11:18:06, 29.38s/it] 26%|██▌       | 491/1875 [4:00:04<11:23:35, 29.64s/it] 26%|██▌       | 492/1875 [4:00:33<11:21:37, 29.57s/it] 26%|██▋       | 493/1875 [4:01:02<11:13:30, 29.24s/it] 26%|██▋       | 494/1875 [4:01:31<11:11:24, 29.17s/it] 26%|██▋       | 495/1875 [4:02:00<11:13:44, 29.29s/it] 26%|██▋       | 496/1875 [4:02:30<11:14:25, 29.34s/it] 27%|██▋       | 497/1875 [4:02:59<11:13:57, 29.34s/it] 27%|██▋       | 498/1875 [4:03:27<11:08:07, 29.11s/it] 27%|██▋       | 499/1875 [4:03:56<11:06:27, 29.06s/it] 27%|██▋       | 500/1875 [4:04:26<11:07:25, 29.12s/it]                                                       {'loss': 88.52306627333164, 'grad_norm': 3682.48046875, 'learning_rate': 4.5923129052347333e-07, 'objective': -88.52306627333164, 'term_clipped': -88.52306627333164, 'ratio_selected_mean': 246176506.28161865, 'log_ratio_selected_mean': 13.283204913139343, 'f_X_Y2_mean': 0.80078125, 'f_X_Y1_mean': 0.13828125, 'epoch': 0.27}
 27%|██▋       | 500/1875 [4:04:26<11:07:25, 29.12s/it] 27%|██▋       | 501/1875 [4:04:55<11:11:20, 29.32s/it] 27%|██▋       | 502/1875 [4:05:25<11:11:45, 29.36s/it] 27%|██▋       | 503/1875 [4:05:54<11:10:37, 29.33s/it] 27%|██▋       | 504/1875 [4:06:24<11:13:22, 29.47s/it] 27%|██▋       | 505/1875 [4:06:54<11:16:09, 29.61s/it] 27%|██▋       | 506/1875 [4:07:23<11:10:34, 29.39s/it] 27%|██▋       | 507/1875 [4:07:53<11:17:12, 29.70s/it] 27%|██▋       | 508/1875 [4:08:22<11:12:45, 29.53s/it] 27%|██▋       | 509/1875 [4:08:51<11:09:38, 29.41s/it] 27%|██▋       | 510/1875 [4:09:21<11:07:38, 29.35s/it]                                                       {'loss': 11.235803996026515, 'grad_norm': 4923.13525390625, 'learning_rate': 4.5664707336590757e-07, 'objective': -11.235803996026515, 'term_clipped': -11.235803996026515, 'ratio_selected_mean': 286284432.99411356, 'log_ratio_selected_mean': 14.328840303421021, 'f_X_Y2_mean': 0.8234375, 'f_X_Y1_mean': 0.18046875, 'epoch': 0.27}
 27%|██▋       | 510/1875 [4:09:21<11:07:38, 29.35s/it] 27%|██▋       | 511/1875 [4:09:50<11:05:18, 29.27s/it] 27%|██▋       | 512/1875 [4:10:19<11:05:58, 29.32s/it] 27%|██▋       | 513/1875 [4:10:49<11:10:01, 29.52s/it] 27%|██▋       | 514/1875 [4:11:18<11:05:24, 29.33s/it] 27%|██▋       | 515/1875 [4:11:47<11:03:46, 29.28s/it] 28%|██▊       | 516/1875 [4:12:17<11:08:37, 29.52s/it] 28%|██▊       | 517/1875 [4:12:47<11:10:20, 29.62s/it] 28%|██▊       | 518/1875 [4:13:16<11:04:58, 29.40s/it] 28%|██▊       | 519/1875 [4:13:46<11:05:55, 29.47s/it] 28%|██▊       | 520/1875 [4:14:15<11:03:05, 29.36s/it]                                                       {'loss': 24.701267306506633, 'grad_norm': 3118.993896484375, 'learning_rate': 4.539911946433541e-07, 'objective': -24.701267306506633, 'term_clipped': -24.701267306506633, 'ratio_selected_mean': 312298271.2384254, 'log_ratio_selected_mean': 16.214488196372987, 'f_X_Y2_mean': 0.79765625, 'f_X_Y1_mean': 0.153125, 'epoch': 0.28}
 28%|██▊       | 520/1875 [4:14:15<11:03:05, 29.36s/it] 28%|██▊       | 521/1875 [4:14:45<11:06:48, 29.55s/it] 28%|██▊       | 522/1875 [4:15:14<11:02:33, 29.38s/it] 28%|██▊       | 523/1875 [4:15:44<11:10:27, 29.75s/it] 28%|██▊       | 524/1875 [4:16:14<11:09:49, 29.75s/it] 28%|██▊       | 525/1875 [4:16:43<11:06:31, 29.62s/it] 28%|██▊       | 526/1875 [4:17:12<11:01:11, 29.41s/it] 28%|██▊       | 527/1875 [4:17:43<11:07:13, 29.70s/it] 28%|██▊       | 528/1875 [4:18:13<11:11:38, 29.92s/it] 28%|██▊       | 529/1875 [4:18:42<11:03:10, 29.56s/it] 28%|██▊       | 530/1875 [4:19:11<10:58:54, 29.39s/it]                                                       {'loss': 103.49820747077464, 'grad_norm': 2979.846435546875, 'learning_rate': 4.5126457536777086e-07, 'objective': -103.49820747077464, 'term_clipped': -103.49820747077464, 'ratio_selected_mean': 371525609.9396783, 'log_ratio_selected_mean': 17.483328342437744, 'f_X_Y2_mean': 0.821875, 'f_X_Y1_mean': 0.146875, 'epoch': 0.28}
 28%|██▊       | 530/1875 [4:19:11<10:58:54, 29.39s/it] 28%|██▊       | 531/1875 [4:19:41<11:02:28, 29.57s/it] 28%|██▊       | 532/1875 [4:20:10<11:00:12, 29.50s/it] 28%|██▊       | 533/1875 [4:20:40<11:02:21, 29.61s/it] 28%|██▊       | 534/1875 [4:21:10<11:04:29, 29.73s/it] 29%|██▊       | 535/1875 [4:21:39<10:57:02, 29.42s/it] 29%|██▊       | 536/1875 [4:22:08<10:55:58, 29.39s/it] 29%|██▊       | 537/1875 [4:22:38<10:55:50, 29.41s/it] 29%|██▊       | 538/1875 [4:23:06<10:48:50, 29.12s/it] 29%|██▊       | 539/1875 [4:23:36<10:53:57, 29.37s/it] 29%|██▉       | 540/1875 [4:24:06<10:58:13, 29.58s/it]                                                       {'loss': 42.3486631155014, 'grad_norm': 3706.24072265625, 'learning_rate': 4.484681610826937e-07, 'objective': -42.3486631155014, 'term_clipped': -42.3486631155014, 'ratio_selected_mean': 408183015.87710726, 'log_ratio_selected_mean': 18.824973320961, 'f_X_Y2_mean': 0.81796875, 'f_X_Y1_mean': 0.16875, 'epoch': 0.29}
 29%|██▉       | 540/1875 [4:24:06<10:58:13, 29.58s/it] 29%|██▉       | 541/1875 [4:24:35<10:54:22, 29.43s/it] 29%|██▉       | 542/1875 [4:25:05<10:56:38, 29.56s/it] 29%|██▉       | 543/1875 [4:25:33<10:46:24, 29.12s/it] 29%|██▉       | 544/1875 [4:26:02<10:44:20, 29.05s/it] 29%|██▉       | 545/1875 [4:26:32<10:49:16, 29.29s/it] 29%|██▉       | 546/1875 [4:27:01<10:45:38, 29.15s/it] 29%|██▉       | 547/1875 [4:27:31<10:49:56, 29.36s/it] 29%|██▉       | 548/1875 [4:27:59<10:45:58, 29.21s/it] 29%|██▉       | 549/1875 [4:28:29<10:45:24, 29.20s/it] 29%|██▉       | 550/1875 [4:28:58<10:44:05, 29.17s/it]                                                       {'loss': -35.56029872894287, 'grad_norm': 3095.68505859375, 'learning_rate': 4.456029215353384e-07, 'objective': 35.56029872894287, 'term_clipped': 35.56029872894287, 'ratio_selected_mean': 400455765.30271894, 'log_ratio_selected_mean': 18.994578099250795, 'f_X_Y2_mean': 0.8125, 'f_X_Y1_mean': 0.153125, 'epoch': 0.29}
 29%|██▉       | 550/1875 [4:28:58<10:44:05, 29.17s/it] 29%|██▉       | 551/1875 [4:29:27<10:45:15, 29.24s/it] 29%|██▉       | 552/1875 [4:29:57<10:52:21, 29.59s/it] 29%|██▉       | 553/1875 [4:30:26<10:45:59, 29.32s/it] 30%|██▉       | 554/1875 [4:30:55<10:42:52, 29.20s/it] 30%|██▉       | 555/1875 [4:31:24<10:43:07, 29.23s/it] 30%|██▉       | 556/1875 [4:31:54<10:45:54, 29.38s/it] 30%|██▉       | 557/1875 [4:32:24<10:46:16, 29.42s/it] 30%|██▉       | 558/1875 [4:32:54<10:52:04, 29.71s/it] 30%|██▉       | 559/1875 [4:33:23<10:50:21, 29.65s/it] 30%|██▉       | 560/1875 [4:33:54<10:52:50, 29.79s/it]                                                       {'loss': -10.1059170499444, 'grad_norm': 3734.82373046875, 'learning_rate': 4.4266985034030906e-07, 'objective': 10.1059170499444, 'term_clipped': 10.1059170499444, 'ratio_selected_mean': 356293341.515819, 'log_ratio_selected_mean': 16.787231421470644, 'f_X_Y2_mean': 0.8234375, 'f_X_Y1_mean': 0.15859375, 'epoch': 0.3}
 30%|██▉       | 560/1875 [4:33:54<10:52:50, 29.79s/it] 30%|██▉       | 561/1875 [4:34:22<10:46:11, 29.51s/it] 30%|██▉       | 562/1875 [4:34:52<10:45:33, 29.50s/it] 30%|███       | 563/1875 [4:35:21<10:42:13, 29.37s/it] 30%|███       | 564/1875 [4:35:50<10:39:32, 29.27s/it] 30%|███       | 565/1875 [4:36:19<10:36:49, 29.17s/it] 30%|███       | 566/1875 [4:36:47<10:30:11, 28.89s/it] 30%|███       | 567/1875 [4:37:16<10:28:55, 28.85s/it] 30%|███       | 568/1875 [4:37:46<10:33:33, 29.08s/it] 30%|███       | 569/1875 [4:38:15<10:32:44, 29.07s/it] 30%|███       | 570/1875 [4:38:44<10:33:47, 29.14s/it]                                                       {'loss': 25.768969786167144, 'grad_norm': 3580.5625, 'learning_rate': 4.396699646350307e-07, 'objective': -25.768969786167144, 'term_clipped': -25.768969786167144, 'ratio_selected_mean': 355453974.0829616, 'log_ratio_selected_mean': 16.912910509109498, 'f_X_Y2_mean': 0.80859375, 'f_X_Y1_mean': 0.12890625, 'epoch': 0.3}
 30%|███       | 570/1875 [4:38:44<10:33:47, 29.14s/it] 30%|███       | 571/1875 [4:39:12<10:27:14, 28.86s/it] 31%|███       | 572/1875 [4:39:42<10:34:37, 29.22s/it] 31%|███       | 573/1875 [4:40:12<10:38:41, 29.43s/it] 31%|███       | 574/1875 [4:40:42<10:38:14, 29.43s/it] 31%|███       | 575/1875 [4:41:11<10:35:03, 29.31s/it] 31%|███       | 576/1875 [4:41:40<10:35:18, 29.34s/it] 31%|███       | 577/1875 [4:42:09<10:32:35, 29.24s/it] 31%|███       | 578/1875 [4:42:39<10:35:13, 29.39s/it] 31%|███       | 579/1875 [4:43:07<10:29:53, 29.16s/it] 31%|███       | 580/1875 [4:43:36<10:25:14, 28.97s/it]                                                       {'loss': 53.43606506884098, 'grad_norm': 4507.51806640625, 'learning_rate': 4.3660430472702323e-07, 'objective': -53.43606506884098, 'term_clipped': -53.43606506884098, 'ratio_selected_mean': 378521492.44021297, 'log_ratio_selected_mean': 17.462038922309876, 'f_X_Y2_mean': 0.81484375, 'f_X_Y1_mean': 0.134375, 'epoch': 0.31}
 31%|███       | 580/1875 [4:43:36<10:25:14, 28.97s/it] 31%|███       | 581/1875 [4:44:05<10:27:43, 29.11s/it] 31%|███       | 582/1875 [4:44:36<10:34:40, 29.45s/it] 31%|███       | 583/1875 [4:45:05<10:31:14, 29.31s/it] 31%|███       | 584/1875 [4:45:33<10:27:55, 29.18s/it] 31%|███       | 585/1875 [4:46:03<10:32:38, 29.42s/it] 31%|███▏      | 586/1875 [4:46:33<10:33:33, 29.49s/it] 31%|███▏      | 587/1875 [4:47:02<10:32:36, 29.47s/it] 31%|███▏      | 588/1875 [4:47:32<10:30:56, 29.41s/it] 31%|███▏      | 589/1875 [4:48:01<10:31:51, 29.48s/it] 31%|███▏      | 590/1875 [4:48:31<10:30:04, 29.42s/it]                                                       {'loss': 66.16376375555993, 'grad_norm': 3480.328369140625, 'learning_rate': 4.334739337331419e-07, 'objective': -66.16376375555993, 'term_clipped': -66.16376375555993, 'ratio_selected_mean': 380668650.06915605, 'log_ratio_selected_mean': 17.242720770835877, 'f_X_Y2_mean': 0.78828125, 'f_X_Y1_mean': 0.153125, 'epoch': 0.31}
 31%|███▏      | 590/1875 [4:48:31<10:30:04, 29.42s/it] 32%|███▏      | 591/1875 [4:49:01<10:32:16, 29.55s/it] 32%|███▏      | 592/1875 [4:49:29<10:27:38, 29.35s/it] 32%|███▏      | 593/1875 [4:49:59<10:30:36, 29.51s/it] 32%|███▏      | 594/1875 [4:50:28<10:23:29, 29.20s/it] 32%|███▏      | 595/1875 [4:50:57<10:23:43, 29.24s/it] 32%|███▏      | 596/1875 [4:51:27<10:25:02, 29.32s/it] 32%|███▏      | 597/1875 [4:51:56<10:24:03, 29.30s/it] 32%|███▏      | 598/1875 [4:52:25<10:20:41, 29.16s/it] 32%|███▏      | 599/1875 [4:52:54<10:23:32, 29.32s/it] 32%|███▏      | 600/1875 [4:53:24<10:23:07, 29.32s/it]                                                       {'loss': 57.16582669988274, 'grad_norm': 4175.01708984375, 'learning_rate': 4.3027993721090606e-07, 'objective': -57.16582669988274, 'term_clipped': -57.16582669988274, 'ratio_selected_mean': 410991077.3109835, 'log_ratio_selected_mean': 18.582640886306763, 'f_X_Y2_mean': 0.79921875, 'f_X_Y1_mean': 0.128125, 'epoch': 0.32}
 32%|███▏      | 600/1875 [4:53:24<10:23:07, 29.32s/it] 32%|███▏      | 601/1875 [4:53:53<10:21:42, 29.28s/it] 32%|███▏      | 602/1875 [4:54:21<10:11:28, 28.82s/it] 32%|███▏      | 603/1875 [4:54:50<10:15:55, 29.05s/it] 32%|███▏      | 604/1875 [4:55:19<10:11:43, 28.88s/it] 32%|███▏      | 605/1875 [4:55:49<10:21:50, 29.38s/it] 32%|███▏      | 606/1875 [4:56:19<10:22:14, 29.42s/it] 32%|███▏      | 607/1875 [4:56:48<10:18:40, 29.28s/it] 32%|███▏      | 608/1875 [4:57:17<10:18:24, 29.29s/it] 32%|███▏      | 609/1875 [4:57:46<10:15:39, 29.18s/it] 33%|███▎      | 610/1875 [4:58:15<10:17:01, 29.27s/it]                                                       {'loss': 0.10040221512317657, 'grad_norm': 3289.23779296875, 'learning_rate': 4.270234227820481e-07, 'objective': -0.10040221512317657, 'term_clipped': -0.10040221512317657, 'ratio_selected_mean': 410266485.0467719, 'log_ratio_selected_mean': 18.587281656265258, 'f_X_Y2_mean': 0.8015625, 'f_X_Y1_mean': 0.14375, 'epoch': 0.33}
 33%|███▎      | 610/1875 [4:58:16<10:17:01, 29.27s/it] 33%|███▎      | 611/1875 [4:58:45<10:18:34, 29.36s/it] 33%|███▎      | 612/1875 [4:59:14<10:17:19, 29.33s/it] 33%|███▎      | 613/1875 [4:59:44<10:16:14, 29.30s/it] 33%|███▎      | 614/1875 [5:00:13<10:17:02, 29.36s/it] 33%|███▎      | 615/1875 [5:00:42<10:16:50, 29.37s/it] 33%|███▎      | 616/1875 [5:01:11<10:14:15, 29.27s/it] 33%|███▎      | 617/1875 [5:01:41<10:13:45, 29.27s/it] 33%|███▎      | 618/1875 [5:02:10<10:15:47, 29.39s/it] 33%|███▎      | 619/1875 [5:02:40<10:13:59, 29.33s/it] 33%|███▎      | 620/1875 [5:03:09<10:13:59, 29.35s/it]                                                       {'loss': 13.493371546268463, 'grad_norm': 3357.590087890625, 'learning_rate': 4.2370551974840896e-07, 'objective': -13.493371546268463, 'term_clipped': -13.493371546268463, 'ratio_selected_mean': 386492665.91143703, 'log_ratio_selected_mean': 17.99010262489319, 'f_X_Y2_mean': 0.84296875, 'f_X_Y1_mean': 0.12265625, 'epoch': 0.33}
 33%|███▎      | 620/1875 [5:03:09<10:13:59, 29.35s/it] 33%|███▎      | 621/1875 [5:03:39<10:20:14, 29.68s/it] 33%|███▎      | 622/1875 [5:04:09<10:17:34, 29.57s/it] 33%|███▎      | 623/1875 [5:04:38<10:12:52, 29.37s/it] 33%|███▎      | 624/1875 [5:05:06<10:08:31, 29.19s/it] 33%|███▎      | 625/1875 [5:05:35<10:07:03, 29.14s/it] 33%|███▎      | 626/1875 [5:06:04<10:02:19, 28.93s/it] 33%|███▎      | 627/1875 [5:06:34<10:07:04, 29.19s/it] 33%|███▎      | 628/1875 [5:07:03<10:04:57, 29.11s/it] 34%|███▎      | 629/1875 [5:07:32<10:04:55, 29.13s/it] 34%|███▎      | 630/1875 [5:08:01<10:06:57, 29.25s/it]                                                       {'loss': 53.35071321278811, 'grad_norm': 3896.357666015625, 'learning_rate': 4.203273787003162e-07, 'objective': -53.35071321278811, 'term_clipped': -53.35071321278811, 'ratio_selected_mean': 390839849.7899156, 'log_ratio_selected_mean': 17.251314640045166, 'f_X_Y2_mean': 0.759375, 'f_X_Y1_mean': 0.134375, 'epoch': 0.34}
 34%|███▎      | 630/1875 [5:08:01<10:06:57, 29.25s/it] 34%|███▎      | 631/1875 [5:08:31<10:09:54, 29.42s/it] 34%|███▎      | 632/1875 [5:09:00<10:05:02, 29.21s/it] 34%|███▍      | 633/1875 [5:09:29<10:04:23, 29.20s/it] 34%|███▍      | 634/1875 [5:09:58<10:02:05, 29.11s/it] 34%|███▍      | 635/1875 [5:10:26<9:58:16, 28.95s/it]  34%|███▍      | 636/1875 [5:10:56<10:04:01, 29.25s/it] 34%|███▍      | 637/1875 [5:11:25<10:01:16, 29.14s/it] 34%|███▍      | 638/1875 [5:11:55<10:06:41, 29.43s/it] 34%|███▍      | 639/1875 [5:12:24<10:03:05, 29.28s/it] 34%|███▍      | 640/1875 [5:12:53<9:59:54, 29.15s/it]                                                       {'loss': 23.46234325170517, 'grad_norm': 3518.374267578125, 'learning_rate': 4.168901711175801e-07, 'objective': -23.46234325170517, 'term_clipped': -23.46234325170517, 'ratio_selected_mean': 322190504.64963126, 'log_ratio_selected_mean': 15.2533127784729, 'f_X_Y2_mean': 0.81640625, 'f_X_Y1_mean': 0.1453125, 'epoch': 0.34}
 34%|███▍      | 640/1875 [5:12:53<9:59:54, 29.15s/it] 34%|███▍      | 641/1875 [5:13:23<10:01:40, 29.26s/it] 34%|███▍      | 642/1875 [5:13:52<10:03:59, 29.39s/it] 34%|███▍      | 643/1875 [5:14:21<10:01:18, 29.28s/it] 34%|███▍      | 644/1875 [5:14:51<10:05:07, 29.49s/it] 34%|███▍      | 645/1875 [5:15:21<10:05:51, 29.55s/it] 34%|███▍      | 646/1875 [5:15:50<10:04:14, 29.50s/it] 35%|███▍      | 647/1875 [5:16:20<10:06:26, 29.63s/it] 35%|███▍      | 648/1875 [5:16:50<10:03:23, 29.51s/it] 35%|███▍      | 649/1875 [5:17:19<9:59:26, 29.34s/it]  35%|███▍      | 650/1875 [5:17:49<10:03:08, 29.54s/it]                                                       {'loss': -19.36147458255291, 'grad_norm': 3884.786376953125, 'learning_rate': 4.133950889632444e-07, 'objective': 19.36147458255291, 'term_clipped': 19.36147458255291, 'ratio_selected_mean': 346635216.2814913, 'log_ratio_selected_mean': 16.481810116767882, 'f_X_Y2_mean': 0.80546875, 'f_X_Y1_mean': 0.15234375, 'epoch': 0.35}
 35%|███▍      | 650/1875 [5:17:49<10:03:08, 29.54s/it] 35%|███▍      | 651/1875 [5:18:18<10:02:13, 29.52s/it] 35%|███▍      | 652/1875 [5:18:47<9:57:44, 29.32s/it]  35%|███▍      | 653/1875 [5:19:16<9:56:37, 29.29s/it] 35%|███▍      | 654/1875 [5:19:46<9:59:51, 29.48s/it] 35%|███▍      | 655/1875 [5:20:15<9:56:07, 29.32s/it] 35%|███▍      | 656/1875 [5:20:45<9:57:24, 29.41s/it] 35%|███▌      | 657/1875 [5:21:14<9:55:55, 29.36s/it] 35%|███▌      | 658/1875 [5:21:43<9:54:58, 29.33s/it] 35%|███▌      | 659/1875 [5:22:12<9:51:38, 29.19s/it] 35%|███▌      | 660/1875 [5:22:42<9:53:32, 29.31s/it]                                                      {'loss': 15.037902115285396, 'grad_norm': 3331.487060546875, 'learning_rate': 4.098433442702348e-07, 'objective': -15.037902115285396, 'term_clipped': -15.037902115285396, 'ratio_selected_mean': 351423702.29113704, 'log_ratio_selected_mean': 17.075804471969604, 'f_X_Y2_mean': 0.7984375, 'f_X_Y1_mean': 0.140625, 'epoch': 0.35}
 35%|███▌      | 660/1875 [5:22:42<9:53:32, 29.31s/it] 35%|███▌      | 661/1875 [5:23:11<9:51:29, 29.23s/it] 35%|███▌      | 662/1875 [5:23:40<9:50:25, 29.20s/it] 35%|███▌      | 663/1875 [5:24:08<9:46:35, 29.04s/it] 35%|███▌      | 664/1875 [5:24:38<9:50:31, 29.26s/it] 35%|███▌      | 665/1875 [5:25:06<9:43:38, 28.94s/it] 36%|███▌      | 666/1875 [5:25:36<9:45:55, 29.08s/it] 36%|███▌      | 667/1875 [5:26:05<9:45:28, 29.08s/it] 36%|███▌      | 668/1875 [5:26:34<9:47:36, 29.21s/it] 36%|███▌      | 669/1875 [5:27:05<9:52:41, 29.49s/it] 36%|███▌      | 670/1875 [5:27:33<9:48:32, 29.30s/it]                                                      {'loss': 71.87267423123122, 'grad_norm': 3484.841064453125, 'learning_rate': 4.062361687210475e-07, 'objective': -71.87267423123122, 'term_clipped': -71.87267423123122, 'ratio_selected_mean': 329930452.6733873, 'log_ratio_selected_mean': 15.387374293804168, 'f_X_Y2_mean': 0.79921875, 'f_X_Y1_mean': 0.13984375, 'epoch': 0.36}
 36%|███▌      | 670/1875 [5:27:34<9:48:32, 29.30s/it] 36%|███▌      | 671/1875 [5:28:02<9:44:32, 29.13s/it] 36%|███▌      | 672/1875 [5:28:33<9:52:13, 29.54s/it] 36%|███▌      | 673/1875 [5:29:03<9:56:14, 29.76s/it] 36%|███▌      | 674/1875 [5:29:32<9:53:34, 29.65s/it] 36%|███▌      | 675/1875 [5:30:01<9:46:07, 29.31s/it] 36%|███▌      | 676/1875 [5:30:30<9:44:11, 29.23s/it] 36%|███▌      | 677/1875 [5:30:59<9:42:44, 29.19s/it] 36%|███▌      | 678/1875 [5:31:29<9:46:06, 29.38s/it] 36%|███▌      | 679/1875 [5:31:59<9:47:41, 29.48s/it] 36%|███▋      | 680/1875 [5:32:27<9:40:31, 29.15s/it]                                                      {'loss': 65.14931589514018, 'grad_norm': 3543.11474609375, 'learning_rate': 4.0257481322062315e-07, 'objective': -65.14931589514018, 'term_clipped': -65.14931589514018, 'ratio_selected_mean': 302382890.86799, 'log_ratio_selected_mean': 14.157527780532837, 'f_X_Y2_mean': 0.79453125, 'f_X_Y1_mean': 0.15546875, 'epoch': 0.36}
 36%|███▋      | 680/1875 [5:32:27<9:40:31, 29.15s/it] 36%|███▋      | 681/1875 [5:32:56<9:38:08, 29.05s/it] 36%|███▋      | 682/1875 [5:33:26<9:44:14, 29.38s/it] 36%|███▋      | 683/1875 [5:33:54<9:38:53, 29.14s/it] 36%|███▋      | 684/1875 [5:34:24<9:38:30, 29.14s/it] 37%|███▋      | 685/1875 [5:34:53<9:40:32, 29.27s/it] 37%|███▋      | 686/1875 [5:35:22<9:38:16, 29.18s/it] 37%|███▋      | 687/1875 [5:35:51<9:35:03, 29.04s/it] 37%|███▋      | 688/1875 [5:36:20<9:34:07, 29.02s/it] 37%|███▋      | 689/1875 [5:36:49<9:33:55, 29.04s/it] 37%|███▋      | 690/1875 [5:37:18<9:36:33, 29.19s/it]                                                      {'loss': -19.003409768640996, 'grad_norm': 3457.224365234375, 'learning_rate': 3.9886054746255504e-07, 'objective': 19.003409768640996, 'term_clipped': 19.003409768640996, 'ratio_selected_mean': 334248910.0139055, 'log_ratio_selected_mean': 15.760634660720825, 'f_X_Y2_mean': 0.76640625, 'f_X_Y1_mean': 0.1484375, 'epoch': 0.37}
 37%|███▋      | 690/1875 [5:37:19<9:36:33, 29.19s/it] 37%|███▋      | 691/1875 [5:37:48<9:39:18, 29.36s/it] 37%|███▋      | 692/1875 [5:38:19<9:45:03, 29.67s/it] 37%|███▋      | 693/1875 [5:38:47<9:39:16, 29.40s/it] 37%|███▋      | 694/1875 [5:39:16<9:36:55, 29.31s/it] 37%|███▋      | 695/1875 [5:39:47<9:40:45, 29.53s/it] 37%|███▋      | 696/1875 [5:40:16<9:39:44, 29.50s/it] 37%|███▋      | 697/1875 [5:40:44<9:33:17, 29.20s/it] 37%|███▋      | 698/1875 [5:41:14<9:36:50, 29.41s/it] 37%|███▋      | 699/1875 [5:41:43<9:33:34, 29.26s/it] 37%|███▋      | 700/1875 [5:42:11<9:26:42, 28.94s/it]                                                      {'loss': 11.614624205976725, 'grad_norm': 4052.277587890625, 'learning_rate': 3.9509465948878194e-07, 'objective': -11.614624205976725, 'term_clipped': -11.614624205976725, 'ratio_selected_mean': 254657866.92660132, 'log_ratio_selected_mean': 12.122115468978881, 'f_X_Y2_mean': 0.809375, 'f_X_Y1_mean': 0.1234375, 'epoch': 0.37}
 37%|███▋      | 700/1875 [5:42:12<9:26:42, 28.94s/it] 37%|███▋      | 701/1875 [5:42:41<9:29:40, 29.11s/it] 37%|███▋      | 702/1875 [5:43:11<9:34:41, 29.40s/it] 37%|███▋      | 703/1875 [5:43:40<9:31:20, 29.25s/it] 38%|███▊      | 704/1875 [5:44:10<9:37:38, 29.60s/it] 38%|███▊      | 705/1875 [5:44:40<9:35:57, 29.54s/it] 38%|███▊      | 706/1875 [5:45:10<9:38:37, 29.70s/it] 38%|███▊      | 707/1875 [5:45:40<9:39:16, 29.76s/it] 38%|███▊      | 708/1875 [5:46:09<9:37:53, 29.71s/it] 38%|███▊      | 709/1875 [5:46:39<9:35:58, 29.64s/it] 38%|███▊      | 710/1875 [5:47:09<9:36:14, 29.68s/it]                                                      {'loss': 60.82458719648421, 'grad_norm': 3578.783203125, 'learning_rate': 3.9127845524291756e-07, 'objective': -60.82458719648421, 'term_clipped': -60.82458719648421, 'ratio_selected_mean': 297541360.9816445, 'log_ratio_selected_mean': 13.343359899520873, 'f_X_Y2_mean': 0.76953125, 'f_X_Y1_mean': 0.1265625, 'epoch': 0.38}
 38%|███▊      | 710/1875 [5:47:09<9:36:14, 29.68s/it] 38%|███▊      | 711/1875 [5:47:37<9:31:22, 29.45s/it] 38%|███▊      | 712/1875 [5:48:07<9:29:43, 29.39s/it] 38%|███▊      | 713/1875 [5:48:35<9:22:59, 29.07s/it] 38%|███▊      | 714/1875 [5:49:04<9:21:00, 28.99s/it] 38%|███▊      | 715/1875 [5:49:33<9:20:05, 28.97s/it] 38%|███▊      | 716/1875 [5:50:02<9:22:29, 29.12s/it] 38%|███▊      | 717/1875 [5:50:32<9:23:51, 29.22s/it] 38%|███▊      | 718/1875 [5:51:01<9:21:57, 29.14s/it] 38%|███▊      | 719/1875 [5:51:30<9:21:20, 29.14s/it] 38%|███▊      | 720/1875 [5:51:59<9:20:20, 29.11s/it]                                                      {'loss': 16.25018761754036, 'grad_norm': 2444.881591796875, 'learning_rate': 3.874132581173727e-07, 'objective': -16.25018761754036, 'term_clipped': -16.25018761754036, 'ratio_selected_mean': 290506467.88350624, 'log_ratio_selected_mean': 14.30183711051941, 'f_X_Y2_mean': 0.81171875, 'f_X_Y1_mean': 0.15078125, 'epoch': 0.38}
 38%|███▊      | 720/1875 [5:51:59<9:20:20, 29.11s/it] 38%|███▊      | 721/1875 [5:52:29<9:23:35, 29.30s/it] 39%|███▊      | 722/1875 [5:52:58<9:22:11, 29.26s/it] 39%|███▊      | 723/1875 [5:53:27<9:19:20, 29.13s/it] 39%|███▊      | 724/1875 [5:53:57<9:25:27, 29.48s/it] 39%|███▊      | 725/1875 [5:54:26<9:23:10, 29.38s/it] 39%|███▊      | 726/1875 [5:54:56<9:26:42, 29.59s/it] 39%|███▉      | 727/1875 [5:55:25<9:24:34, 29.51s/it] 39%|███▉      | 728/1875 [5:55:55<9:23:33, 29.48s/it] 39%|███▉      | 729/1875 [5:56:24<9:21:15, 29.38s/it] 39%|███▉      | 730/1875 [5:56:53<9:21:17, 29.41s/it]                                                      {'loss': -46.444576643407345, 'grad_norm': 3843.216796875, 'learning_rate': 3.835004084944254e-07, 'objective': 46.444576643407345, 'term_clipped': 46.444576643407345, 'ratio_selected_mean': 335420154.4335237, 'log_ratio_selected_mean': 14.461548590660096, 'f_X_Y2_mean': 0.8171875, 'f_X_Y1_mean': 0.16484375, 'epoch': 0.39}
 39%|███▉      | 730/1875 [5:56:54<9:21:17, 29.41s/it] 39%|███▉      | 731/1875 [5:57:24<9:29:06, 29.85s/it] 39%|███▉      | 732/1875 [5:57:54<9:25:11, 29.67s/it] 39%|███▉      | 733/1875 [5:58:23<9:21:06, 29.48s/it] 39%|███▉      | 734/1875 [5:58:51<9:12:33, 29.06s/it] 39%|███▉      | 735/1875 [5:59:19<9:09:26, 28.92s/it] 39%|███▉      | 736/1875 [5:59:49<9:14:28, 29.21s/it] 39%|███▉      | 737/1875 [6:00:19<9:19:15, 29.49s/it] 39%|███▉      | 738/1875 [6:00:49<9:22:40, 29.69s/it] 39%|███▉      | 739/1875 [6:01:19<9:22:25, 29.71s/it] 39%|███▉      | 740/1875 [6:01:49<9:19:50, 29.60s/it]                                                      {'loss': 85.28665251284838, 'grad_norm': 2935.09521484375, 'learning_rate': 3.795412632814009e-07, 'objective': -85.28665251284838, 'term_clipped': -85.28665251284838, 'ratio_selected_mean': 300245380.57998586, 'log_ratio_selected_mean': 14.006658816337586, 'f_X_Y2_mean': 0.78671875, 'f_X_Y1_mean': 0.0984375, 'epoch': 0.39}
 39%|███▉      | 740/1875 [6:01:49<9:19:50, 29.60s/it] 40%|███▉      | 741/1875 [6:02:18<9:17:29, 29.50s/it] 40%|███▉      | 742/1875 [6:02:47<9:14:05, 29.34s/it] 40%|███▉      | 743/1875 [6:03:16<9:15:29, 29.44s/it] 40%|███▉      | 744/1875 [6:03:46<9:12:46, 29.32s/it] 40%|███▉      | 745/1875 [6:04:15<9:10:40, 29.24s/it] 40%|███▉      | 746/1875 [6:04:43<9:05:54, 29.01s/it] 40%|███▉      | 747/1875 [6:05:13<9:12:32, 29.39s/it] 40%|███▉      | 748/1875 [6:05:43<9:11:11, 29.34s/it] 40%|███▉      | 749/1875 [6:06:14<9:20:48, 29.88s/it] 40%|████      | 750/1875 [6:06:43<9:15:37, 29.63s/it]                                                      {'loss': 76.66422161646187, 'grad_norm': 2586.997802734375, 'learning_rate': 3.755371954401192e-07, 'objective': -76.66422161646187, 'term_clipped': -76.66422161646187, 'ratio_selected_mean': 315581489.2784628, 'log_ratio_selected_mean': 12.56989278793335, 'f_X_Y2_mean': 0.7859375, 'f_X_Y1_mean': 0.13046875, 'epoch': 0.4}
 40%|████      | 750/1875 [6:06:43<9:15:37, 29.63s/it] 40%|████      | 751/1875 [6:07:13<9:16:38, 29.71s/it] 40%|████      | 752/1875 [6:07:42<9:12:33, 29.52s/it] 40%|████      | 753/1875 [6:08:11<9:10:23, 29.43s/it] 40%|████      | 754/1875 [6:08:41<9:11:18, 29.51s/it] 40%|████      | 755/1875 [6:09:10<9:11:40, 29.55s/it] 40%|████      | 756/1875 [6:09:40<9:10:27, 29.52s/it] 40%|████      | 757/1875 [6:10:09<9:09:49, 29.51s/it] 40%|████      | 758/1875 [6:10:38<9:04:35, 29.25s/it] 40%|████      | 759/1875 [6:11:08<9:08:44, 29.50s/it] 41%|████      | 760/1875 [6:11:37<9:06:47, 29.42s/it]                                                      {'loss': 19.797154562175272, 'grad_norm': 4418.4931640625, 'learning_rate': 3.714895935107767e-07, 'objective': -19.797154562175272, 'term_clipped': -19.797154562175272, 'ratio_selected_mean': 321519244.54669046, 'log_ratio_selected_mean': 14.70383162498474, 'f_X_Y2_mean': 0.80546875, 'f_X_Y1_mean': 0.12421875, 'epoch': 0.41}
 41%|████      | 760/1875 [6:11:37<9:06:47, 29.42s/it] 41%|████      | 761/1875 [6:12:08<9:11:41, 29.71s/it] 41%|████      | 762/1875 [6:12:37<9:09:18, 29.61s/it] 41%|████      | 763/1875 [6:13:06<9:04:09, 29.36s/it] 41%|████      | 764/1875 [6:13:35<9:04:17, 29.39s/it] 41%|████      | 765/1875 [6:14:05<9:03:43, 29.39s/it] 41%|████      | 766/1875 [6:14:34<9:03:59, 29.43s/it] 41%|████      | 767/1875 [6:15:04<9:06:23, 29.59s/it] 41%|████      | 768/1875 [6:15:34<9:10:18, 29.83s/it] 41%|████      | 769/1875 [6:16:04<9:06:19, 29.64s/it] 41%|████      | 770/1875 [6:16:33<9:05:58, 29.65s/it]                                                      {'loss': -17.19103884473443, 'grad_norm': 2996.6484375, 'learning_rate': 3.673998611304246e-07, 'objective': 17.19103884473443, 'term_clipped': 17.19103884473443, 'ratio_selected_mean': 317948499.896896, 'log_ratio_selected_mean': 16.18963141441345, 'f_X_Y2_mean': 0.81484375, 'f_X_Y1_mean': 0.1234375, 'epoch': 0.41}
 41%|████      | 770/1875 [6:16:33<9:05:58, 29.65s/it] 41%|████      | 771/1875 [6:17:03<9:04:19, 29.58s/it] 41%|████      | 772/1875 [6:17:31<8:59:09, 29.33s/it] 41%|████      | 773/1875 [6:18:00<8:55:27, 29.15s/it] 41%|████▏     | 774/1875 [6:18:30<8:59:35, 29.41s/it] 41%|████▏     | 775/1875 [6:18:59<8:55:33, 29.21s/it] 41%|████▏     | 776/1875 [6:19:28<8:55:07, 29.22s/it] 41%|████▏     | 777/1875 [6:19:58<8:58:14, 29.41s/it] 41%|████▏     | 778/1875 [6:20:27<8:54:34, 29.24s/it] 42%|████▏     | 779/1875 [6:20:56<8:54:18, 29.25s/it] 42%|████▏     | 780/1875 [6:21:26<8:59:36, 29.57s/it]                                                      {'loss': 23.76946706995368, 'grad_norm': 2890.23095703125, 'learning_rate': 3.632694165462125e-07, 'objective': -23.76946706995368, 'term_clipped': -23.76946706995368, 'ratio_selected_mean': 361772131.6684383, 'log_ratio_selected_mean': 17.133163356781004, 'f_X_Y2_mean': 0.81875, 'f_X_Y1_mean': 0.17109375, 'epoch': 0.42}
 42%|████▏     | 780/1875 [6:21:27<8:59:36, 29.57s/it] 42%|████▏     | 781/1875 [6:21:57<9:03:03, 29.78s/it] 42%|████▏     | 782/1875 [6:22:26<9:01:03, 29.70s/it] 42%|████▏     | 783/1875 [6:22:56<9:00:39, 29.71s/it] 42%|████▏     | 784/1875 [6:23:26<9:01:28, 29.78s/it] 42%|████▏     | 785/1875 [6:23:54<8:52:59, 29.34s/it] 42%|████▏     | 786/1875 [6:24:23<8:47:39, 29.07s/it] 42%|████▏     | 787/1875 [6:24:53<8:56:09, 29.57s/it] 42%|████▏     | 788/1875 [6:25:22<8:50:40, 29.29s/it] 42%|████▏     | 789/1875 [6:25:51<8:48:25, 29.19s/it] 42%|████▏     | 790/1875 [6:26:21<8:50:20, 29.33s/it]                                                      {'loss': 56.82463728263974, 'grad_norm': 4079.96337890625, 'learning_rate': 3.59099692123565e-07, 'objective': -56.82463728263974, 'term_clipped': -56.82463728263974, 'ratio_selected_mean': 358476731.79450434, 'log_ratio_selected_mean': 17.47920184135437, 'f_X_Y2_mean': 0.74375, 'f_X_Y1_mean': 0.15, 'epoch': 0.42}
 42%|████▏     | 790/1875 [6:26:21<8:50:20, 29.33s/it] 42%|████▏     | 791/1875 [6:26:51<8:55:01, 29.61s/it] 42%|████▏     | 792/1875 [6:27:21<8:58:03, 29.81s/it] 42%|████▏     | 793/1875 [6:27:51<8:56:18, 29.74s/it] 42%|████▏     | 794/1875 [6:28:21<8:57:59, 29.86s/it] 42%|████▏     | 795/1875 [6:28:50<8:52:53, 29.61s/it] 42%|████▏     | 796/1875 [6:29:19<8:49:34, 29.45s/it] 43%|████▎     | 797/1875 [6:29:49<8:54:02, 29.72s/it] 43%|████▎     | 798/1875 [6:30:18<8:47:16, 29.37s/it] 43%|████▎     | 799/1875 [6:30:48<8:47:55, 29.44s/it] 43%|████▎     | 800/1875 [6:31:16<8:42:35, 29.17s/it]                                                      {'loss': 73.89180046841503, 'grad_norm': 3974.157470703125, 'learning_rate': 3.5489213384946285e-07, 'objective': -73.89180046841503, 'term_clipped': -73.89180046841503, 'ratio_selected_mean': 357813757.5940191, 'log_ratio_selected_mean': 16.535628819465636, 'f_X_Y2_mean': 0.80859375, 'f_X_Y1_mean': 0.15234375, 'epoch': 0.43}
 43%|████▎     | 800/1875 [6:31:16<8:42:35, 29.17s/it] 43%|████▎     | 801/1875 [6:31:45<8:41:10, 29.12s/it] 43%|████▎     | 802/1875 [6:32:14<8:38:54, 29.02s/it] 43%|████▎     | 803/1875 [6:32:43<8:40:53, 29.15s/it] 43%|████▎     | 804/1875 [6:33:12<8:36:38, 28.94s/it] 43%|████▎     | 805/1875 [6:33:41<8:35:36, 28.91s/it] 43%|████▎     | 806/1875 [6:34:10<8:39:50, 29.18s/it] 43%|████▎     | 807/1875 [6:34:39<8:36:22, 29.01s/it] 43%|████▎     | 808/1875 [6:35:08<8:34:43, 28.94s/it] 43%|████▎     | 809/1875 [6:35:37<8:36:37, 29.08s/it] 43%|████▎     | 810/1875 [6:36:07<8:41:22, 29.37s/it]                                                      {'loss': 85.07489253133535, 'grad_norm': 4135.2861328125, 'learning_rate': 3.5064820083100006e-07, 'objective': -85.07489253133535, 'term_clipped': -85.07489253133535, 'ratio_selected_mean': 315270603.1694012, 'log_ratio_selected_mean': 15.092701387405395, 'f_X_Y2_mean': 0.8203125, 'f_X_Y1_mean': 0.1515625, 'epoch': 0.43}
 43%|████▎     | 810/1875 [6:36:07<8:41:22, 29.37s/it] 43%|████▎     | 811/1875 [6:36:37<8:43:54, 29.54s/it] 43%|████▎     | 812/1875 [6:37:06<8:38:58, 29.29s/it] 43%|████▎     | 813/1875 [6:37:35<8:36:42, 29.19s/it] 43%|████▎     | 814/1875 [6:38:05<8:38:28, 29.32s/it] 43%|████▎     | 815/1875 [6:38:33<8:34:40, 29.13s/it] 44%|████▎     | 816/1875 [6:39:03<8:35:39, 29.22s/it] 44%|████▎     | 817/1875 [6:39:31<8:32:46, 29.08s/it] 44%|████▎     | 818/1875 [6:40:01<8:36:49, 29.34s/it] 44%|████▎     | 819/1875 [6:40:31<8:39:59, 29.55s/it] 44%|████▎     | 820/1875 [6:41:02<8:43:19, 29.76s/it]                                                      {'loss': 45.4726014085114, 'grad_norm': 3747.77978515625, 'learning_rate': 3.463693647893912e-07, 'objective': -45.4726014085114, 'term_clipped': -45.4726014085114, 'ratio_selected_mean': 343675300.14368856, 'log_ratio_selected_mean': 15.690679359436036, 'f_X_Y2_mean': 0.78984375, 'f_X_Y1_mean': 0.14921875, 'epoch': 0.44}
 44%|████▎     | 820/1875 [6:41:02<8:43:19, 29.76s/it] 44%|████▍     | 821/1875 [6:41:31<8:41:08, 29.67s/it] 44%|████▍     | 822/1875 [6:42:01<8:40:22, 29.65s/it] 44%|████▍     | 823/1875 [6:42:30<8:37:24, 29.51s/it] 44%|████▍     | 824/1875 [6:42:59<8:35:00, 29.40s/it] 44%|████▍     | 825/1875 [6:43:28<8:31:07, 29.21s/it] 44%|████▍     | 826/1875 [6:43:56<8:27:42, 29.04s/it] 44%|████▍     | 827/1875 [6:44:25<8:26:02, 28.97s/it] 44%|████▍     | 828/1875 [6:44:56<8:33:25, 29.42s/it] 44%|████▍     | 829/1875 [6:45:25<8:34:31, 29.51s/it] 44%|████▍     | 830/1875 [6:45:54<8:30:27, 29.31s/it]                                                      {'loss': 109.5023674480617, 'grad_norm': 5109.03759765625, 'learning_rate': 3.4205710954960456e-07, 'objective': -109.5023674480617, 'term_clipped': -109.5023674480617, 'ratio_selected_mean': 391094333.3122269, 'log_ratio_selected_mean': 17.587357139587404, 'f_X_Y2_mean': 0.7734375, 'f_X_Y1_mean': 0.14296875, 'epoch': 0.44}
 44%|████▍     | 830/1875 [6:45:54<8:30:27, 29.31s/it] 44%|████▍     | 831/1875 [6:46:23<8:28:12, 29.21s/it] 44%|████▍     | 832/1875 [6:46:52<8:24:20, 29.01s/it] 44%|████▍     | 833/1875 [6:47:21<8:25:49, 29.13s/it] 44%|████▍     | 834/1875 [6:47:50<8:24:10, 29.06s/it] 45%|████▍     | 835/1875 [6:48:19<8:21:58, 28.96s/it] 45%|████▍     | 836/1875 [6:48:49<8:28:04, 29.34s/it] 45%|████▍     | 837/1875 [6:49:18<8:26:50, 29.30s/it] 45%|████▍     | 838/1875 [6:49:47<8:24:57, 29.22s/it] 45%|████▍     | 839/1875 [6:50:16<8:22:22, 29.10s/it] 45%|████▍     | 840/1875 [6:50:45<8:20:59, 29.04s/it]                                                      {'loss': 37.330075323581696, 'grad_norm': 3036.629150390625, 'learning_rate': 3.377129305257974e-07, 'objective': -37.330075323581696, 'term_clipped': -37.330075323581696, 'ratio_selected_mean': 356874795.4140113, 'log_ratio_selected_mean': 17.433730483055115, 'f_X_Y2_mean': 0.80625, 'f_X_Y1_mean': 0.14375, 'epoch': 0.45}
 45%|████▍     | 840/1875 [6:50:45<8:20:59, 29.04s/it] 45%|████▍     | 841/1875 [6:51:14<8:17:52, 28.89s/it] 45%|████▍     | 842/1875 [6:51:43<8:20:14, 29.06s/it] 45%|████▍     | 843/1875 [6:52:12<8:19:00, 29.01s/it] 45%|████▌     | 844/1875 [6:52:41<8:20:02, 29.10s/it] 45%|████▌     | 845/1875 [6:53:11<8:21:07, 29.19s/it] 45%|████▌     | 846/1875 [6:53:41<8:24:20, 29.41s/it] 45%|████▌     | 847/1875 [6:54:10<8:26:08, 29.54s/it] 45%|████▌     | 848/1875 [6:54:39<8:21:04, 29.27s/it] 45%|████▌     | 849/1875 [6:55:08<8:19:01, 29.18s/it] 45%|████▌     | 850/1875 [6:55:38<8:23:14, 29.46s/it]                                                      {'loss': 91.0671486094594, 'grad_norm': 3597.268310546875, 'learning_rate': 3.333383342027334e-07, 'objective': -91.0671486094594, 'term_clipped': -91.0671486094594, 'ratio_selected_mean': 344426814.9681962, 'log_ratio_selected_mean': 15.499866604804993, 'f_X_Y2_mean': 0.75390625, 'f_X_Y1_mean': 0.140625, 'epoch': 0.45}
 45%|████▌     | 850/1875 [6:55:38<8:23:14, 29.46s/it] 45%|████▌     | 851/1875 [6:56:08<8:23:50, 29.52s/it] 45%|████▌     | 852/1875 [6:56:37<8:23:21, 29.52s/it] 45%|████▌     | 853/1875 [6:57:06<8:18:52, 29.29s/it] 46%|████▌     | 854/1875 [6:57:35<8:15:10, 29.10s/it] 46%|████▌     | 855/1875 [6:58:06<8:24:10, 29.66s/it] 46%|████▌     | 856/1875 [6:58:36<8:26:19, 29.81s/it] 46%|████▌     | 857/1875 [6:59:05<8:20:46, 29.51s/it] 46%|████▌     | 858/1875 [6:59:35<8:25:33, 29.83s/it] 46%|████▌     | 859/1875 [7:00:04<8:20:22, 29.55s/it] 46%|████▌     | 860/1875 [7:00:33<8:17:31, 29.41s/it]                                                      {'loss': -1.7755696043372153, 'grad_norm': 3497.813232421875, 'learning_rate': 3.289348376133594e-07, 'objective': 1.7755696043372153, 'term_clipped': 1.7755696043372153, 'ratio_selected_mean': 361716842.80469376, 'log_ratio_selected_mean': 14.815049600601196, 'f_X_Y2_mean': 0.796875, 'f_X_Y1_mean': 0.13046875, 'epoch': 0.46}
 46%|████▌     | 860/1875 [7:00:33<8:17:31, 29.41s/it] 46%|████▌     | 861/1875 [7:01:03<8:19:30, 29.56s/it] 46%|████▌     | 862/1875 [7:01:32<8:14:15, 29.27s/it] 46%|████▌     | 863/1875 [7:02:01<8:11:54, 29.16s/it] 46%|████▌     | 864/1875 [7:02:32<8:20:34, 29.71s/it] 46%|████▌     | 865/1875 [7:03:00<8:12:14, 29.24s/it] 46%|████▌     | 866/1875 [7:03:30<8:14:47, 29.42s/it] 46%|████▌     | 867/1875 [7:03:59<8:12:34, 29.32s/it] 46%|████▋     | 868/1875 [7:04:28<8:13:19, 29.39s/it] 46%|████▋     | 869/1875 [7:04:58<8:16:06, 29.59s/it] 46%|████▋     | 870/1875 [7:05:27<8:10:33, 29.29s/it]                                                      {'loss': 25.471275313198568, 'grad_norm': 3146.190673828125, 'learning_rate': 3.2450396781272575e-07, 'objective': -25.471275313198568, 'term_clipped': -25.471275313198568, 'ratio_selected_mean': 355056093.73661095, 'log_ratio_selected_mean': 17.51195356845856, 'f_X_Y2_mean': 0.78125, 'f_X_Y1_mean': 0.13046875, 'epoch': 0.46}
 46%|████▋     | 870/1875 [7:05:27<8:10:33, 29.29s/it] 46%|████▋     | 871/1875 [7:05:56<8:10:14, 29.30s/it] 47%|████▋     | 872/1875 [7:06:25<8:08:19, 29.21s/it] 47%|████▋     | 873/1875 [7:06:54<8:06:25, 29.13s/it] 47%|████▋     | 874/1875 [7:07:22<8:00:09, 28.78s/it] 47%|████▋     | 875/1875 [7:07:52<8:03:08, 28.99s/it]